Using pre-set license

 COMMAND LINE ARGUMENTS:
/Applications/Unity/Hub/Editor/2020.3.5f1/Unity.app/Contents/MacOS/Unity
-adb2
-batchMode
-noUpm
-name
AssetImportWorker0
-projectPath
/Users/cerendastanoglu/Documents/GitHub/Up and Down
-logFile
Logs/AssetImportWorker0.log
-srvPort
50152
Successfully changed project path to: /Users/cerendastanoglu/Documents/GitHub/Up and Down
/Users/cerendastanoglu/Documents/GitHub/Up and Down
Using Asset Import Pipeline V2.
Refreshing native plugins compatible for Editor in 64.48 ms, found 2 plugins.
Preloading 0 native plugins for Editor in 0.00 ms.
Initialize engine version: 2020.3.5f1 (8095aa901b9b)
[Subsystems] Discovering subsystems at path /Applications/Unity/Hub/Editor/2020.3.5f1/Unity.app/Contents/Resources/UnitySubsystems
[Subsystems] Discovering subsystems at path /Users/cerendastanoglu/Documents/GitHub/Up and Down/Assets
GfxDevice: creating device client; threaded=0
2021-06-03 17:46:10.064 Unity[74086:5644824] Color LCD preferred device: Intel(R) Iris(TM) Plus Graphics 640 (low power)
2021-06-03 17:46:10.065 Unity[74086:5644824] Metal devices available: 1
2021-06-03 17:46:10.065 Unity[74086:5644824] 0: Intel(R) Iris(TM) Plus Graphics 640 (low power)
2021-06-03 17:46:10.065 Unity[74086:5644824] Using device Intel(R) Iris(TM) Plus Graphics 640 (low power)
Initializing Metal device caps: Intel(R) Iris(TM) Plus Graphics 640
Initialize mono
Mono path[0] = '/Applications/Unity/Hub/Editor/2020.3.5f1/Unity.app/Contents/Managed'
Mono path[1] = '/Applications/Unity/Hub/Editor/2020.3.5f1/Unity.app/Contents/MonoBleedingEdge/lib/mono/unityjit'
Mono config path = '/Applications/Unity/Hub/Editor/2020.3.5f1/Unity.app/Contents/MonoBleedingEdge/etc'
Using monoOptions --debugger-agent=transport=dt_socket,embedding=1,server=y,suspend=n,address=127.0.0.1:56086
Begin MonoManager ReloadAssembly
Registering precompiled unity dll's ...
Register platform support module: /Applications/Unity/Hub/Editor/2020.3.5f1/PlaybackEngines/WebGLSupport/UnityEditor.WebGL.Extensions.dll
Register platform support module: /Applications/Unity/Hub/Editor/2020.3.5f1/Unity.app/Contents/PlaybackEngines/MacStandaloneSupport/UnityEditor.OSXStandalone.Extensions.dll
Registered in 0.002920 seconds.
Native extension for OSXStandalone target not found
Native extension for WebGL target not found
Refreshing native plugins compatible for Editor in 58.86 ms, found 2 plugins.
Preloading 0 native plugins for Editor in 0.00 ms.
Mono: successfully reloaded assembly
- Completed reload, in  2.827 seconds
Platform modules already initialized, skipping
Registering precompiled user dll's ...
Registered in 0.000934 seconds.
Begin MonoManager ReloadAssembly
Native extension for OSXStandalone target not found
Native extension for WebGL target not found
Refreshing native plugins compatible for Editor in 54.58 ms, found 2 plugins.
Preloading 0 native plugins for Editor in 0.00 ms.
Mono: successfully reloaded assembly
- Completed reload, in  2.046 seconds
Platform modules already initialized, skipping
========================================================================
Worker process is ready to serve import requests
Launching external process: /Applications/Unity/Hub/Editor/2020.3.5f1/Unity.app/Contents/Tools/UnityShaderCompiler
Launched and connected shader compiler UnityShaderCompiler after 0.04 seconds
Refreshing native plugins compatible for Editor in 0.64 ms, found 2 plugins.
Preloading 0 native plugins for Editor in 0.00 ms.
Unloading 1808 Unused Serialized files (Serialized files now loaded: 0)
System memory in use before: 143.5 MB.
System memory in use after: 143.5 MB.

Unloading 24 unused Assets to reduce memory usage. Loaded Objects now: 2250.
Total: 2.787436 ms (FindLiveObjects: 0.434690 ms CreateObjectMapping: 0.111234 ms MarkObjects: 2.080576 ms  DeleteObjects: 0.159022 ms)

========================================================================
Received Import Request.
  path: Packages/com.unity.2d.spriteshape/Editor/ObjectMenuCreation/DefaultAssets/Sprite Shapes/Open Sprite Shape.prefab
  artifactKey: Guid(86ae7de409eb54f619fb1328e4d42480) Importer(815301076,1909f56bfc062723c751e8b465ee728b)
Start importing Packages/com.unity.2d.spriteshape/Editor/ObjectMenuCreation/DefaultAssets/Sprite Shapes/Open Sprite Shape.prefab using Guid(86ae7de409eb54f619fb1328e4d42480) Importer(815301076,1909f56bfc062723c751e8b465ee728b)  -> (artifact id: '2f3a56ff8141ad63330637fc206baf27') in 1.954485 seconds
  Import took 1.969983 seconds .

========================================================================
Received Import Request.
  Time since last request: 0.000268 seconds.
  path: Packages/com.unity.2d.spriteshape/Editor/ObjectMenuCreation/DefaultAssets/Sprite Shapes/Closed Sprite Shape.prefab
  artifactKey: Guid(c0583b4e855c74b8c82e7b9b5efb5ce9) Importer(815301076,1909f56bfc062723c751e8b465ee728b)
Start importing Packages/com.unity.2d.spriteshape/Editor/ObjectMenuCreation/DefaultAssets/Sprite Shapes/Closed Sprite Shape.prefab using Guid(c0583b4e855c74b8c82e7b9b5efb5ce9) Importer(815301076,1909f56bfc062723c751e8b465ee728b)  -> (artifact id: '58e05f613fdb0b5b0fafc13f3190a853') in 0.004350 seconds
  Import took 0.014376 seconds .

========================================================================
Received Import Request.
  Time since last request: 1024.393799 seconds.
  path: Assets/Scenes/Scripts
  artifactKey: Guid(8b7812f7082c94571abcdf101ee34c8a) Importer(815301076,1909f56bfc062723c751e8b465ee728b)
Start importing Assets/Scenes/Scripts using Guid(8b7812f7082c94571abcdf101ee34c8a) Importer(815301076,1909f56bfc062723c751e8b465ee728b)  -> (artifact id: 'bdd11d3138b07ffee68706fc35cbbe18') in 0.007159 seconds
  Import took 0.037408 seconds .

========================================================================
Received Import Request.
  Time since last request: 12.919124 seconds.
  path: Assets/Scenes/Assets
  artifactKey: Guid(6cf89e97d732b4354813ae4377816cb2) Importer(815301076,1909f56bfc062723c751e8b465ee728b)
Start importing Assets/Scenes/Assets using Guid(6cf89e97d732b4354813ae4377816cb2) Importer(815301076,1909f56bfc062723c751e8b465ee728b)  -> (artifact id: '88a46a93c9b0ce8b767f03010f08b433') in 0.007365 seconds
  Import took 0.014756 seconds .

========================================================================
Received Import Request.
  Time since last request: 9.258758 seconds.
  path: Assets/Scenes/Assets/100x100.png
  artifactKey: Guid(2dfbe9b0ec667406abf42b0753e01ee9) Importer(815301076,1909f56bfc062723c751e8b465ee728b)
Start importing Assets/Scenes/Assets/100x100.png using Guid(2dfbe9b0ec667406abf42b0753e01ee9) Importer(815301076,1909f56bfc062723c751e8b465ee728b)  -> (artifact id: '4ab40de2ae1c91e70888dd04f00e818f') in 1.621901 seconds
  Import took 1.626311 seconds .

========================================================================
Received Import Request.
  Time since last request: 36.361181 seconds.
  path: Assets/Scenes
  artifactKey: Guid(8aa2ba4e4575745339981eaad2313f77) Importer(815301076,1909f56bfc062723c751e8b465ee728b)
Start importing Assets/Scenes using Guid(8aa2ba4e4575745339981eaad2313f77) Importer(815301076,1909f56bfc062723c751e8b465ee728b)  -> (artifact id: 'b776e80e09d0160391a8b840b596efb7') in 0.003425 seconds
  Import took 0.013957 seconds .

========================================================================
Received Import Request.
  Time since last request: 229.864288 seconds.
  path: Assets/Environment
  artifactKey: Guid(a660a3f59287144fc8a469959867b977) Importer(815301076,1909f56bfc062723c751e8b465ee728b)
Start importing Assets/Environment using Guid(a660a3f59287144fc8a469959867b977) Importer(815301076,1909f56bfc062723c751e8b465ee728b)  -> (artifact id: '100184dc70f02d6023c476823dc1d079') in 0.005058 seconds
  Import took 0.013955 seconds .

========================================================================
Received Import Request.
  Time since last request: 11.256664 seconds.
  path: Assets/Environment/100x100.png
  artifactKey: Guid(4550254c158be41868132587de807b65) Importer(815301076,1909f56bfc062723c751e8b465ee728b)
Start importing Assets/Environment/100x100.png using Guid(4550254c158be41868132587de807b65) Importer(815301076,1909f56bfc062723c751e8b465ee728b)  -> (artifact id: 'dc27b01a50319cd1a90971afcaaddb95') in 0.012575 seconds
  Import took 0.018298 seconds .

========================================================================
Received Import Request.
  Time since last request: 462.600855 seconds.
  path: Assets/Sprites
  artifactKey: Guid(eebea456e1d014b7ea314e2e2988a23a) Importer(815301076,1909f56bfc062723c751e8b465ee728b)
Start importing Assets/Sprites using Guid(eebea456e1d014b7ea314e2e2988a23a) Importer(815301076,1909f56bfc062723c751e8b465ee728b)  -> (artifact id: '1bc6071fcaa52308742836ea0d51e8dc') in 0.002952 seconds
  Import took 0.008374 seconds .

========================================================================
Received Import Request.
  Time since last request: 1359.041638 seconds.
  path: Assets/Sprites/DurrrSpaceShip.png
  artifactKey: Guid(57e78b3133fd243e3a569c163af0ce29) Importer(815301076,1909f56bfc062723c751e8b465ee728b)
Start importing Assets/Sprites/DurrrSpaceShip.png using Guid(57e78b3133fd243e3a569c163af0ce29) Importer(815301076,1909f56bfc062723c751e8b465ee728b)  -> (artifact id: 'ebd156c727582f83028d27546ac8f537') in 0.032654 seconds
  Import took 0.052587 seconds .

========================================================================
Received Prepare
Registering precompiled user dll's ...
Registered in 0.001179 seconds.
Begin MonoManager ReloadAssembly
Native extension for OSXStandalone target not found
Native extension for WebGL target not found
Refreshing native plugins compatible for Editor in 0.40 ms, found 2 plugins.
Preloading 0 native plugins for Editor in 0.00 ms.
Mono: successfully reloaded assembly
- Completed reload, in  1.345 seconds
Platform modules already initialized, skipping
Refreshing native plugins compatible for Editor in 0.42 ms, found 2 plugins.
Preloading 0 native plugins for Editor in 0.00 ms.
Unloading 1803 Unused Serialized files (Serialized files now loaded: 0)
System memory in use before: 155.6 MB.
System memory in use after: 155.5 MB.

Unloading 12 unused Assets to reduce memory usage. Loaded Objects now: 2262.
Total: 2.195509 ms (FindLiveObjects: 0.225648 ms CreateObjectMapping: 0.056666 ms MarkObjects: 1.815724 ms  DeleteObjects: 0.096544 ms)

========================================================================
Received Prepare
Registering precompiled user dll's ...
Registered in 0.000893 seconds.
Begin MonoManager ReloadAssembly
Native extension for OSXStandalone target not found
Native extension for WebGL target not found
Refreshing native plugins compatible for Editor in 0.38 ms, found 2 plugins.
Preloading 0 native plugins for Editor in 0.00 ms.
Mono: successfully reloaded assembly
- Completed reload, in  1.188 seconds
Platform modules already initialized, skipping
Refreshing native plugins compatible for Editor in 0.31 ms, found 2 plugins.
Preloading 0 native plugins for Editor in 0.00 ms.
Unloading 1803 Unused Serialized files (Serialized files now loaded: 0)
System memory in use before: 155.8 MB.
System memory in use after: 155.8 MB.

Unloading 12 unused Assets to reduce memory usage. Loaded Objects now: 2266.
Total: 2.213215 ms (FindLiveObjects: 0.286314 ms CreateObjectMapping: 0.095945 ms MarkObjects: 1.733226 ms  DeleteObjects: 0.096115 ms)

========================================================================
Received Import Request.
  Time since last request: 686.354178 seconds.
  path: Assets/Scenes/SampleScene.unity
  artifactKey: Guid(2cda990e2423bbf4892e6590ba056729) Importer(815301076,1909f56bfc062723c751e8b465ee728b)
Start importing Assets/Scenes/SampleScene.unity using Guid(2cda990e2423bbf4892e6590ba056729) Importer(815301076,1909f56bfc062723c751e8b465ee728b)  -> (artifact id: '5db6c5a27ce610e8eb13047cc6caff06') in 0.030244 seconds
  Import took 0.047368 seconds .

========================================================================
Received Import Request.
  Time since last request: 8.423673 seconds.
  path: Assets/Scenes/Level 1.unity
  artifactKey: Guid(2cda990e2423bbf4892e6590ba056729) Importer(815301076,1909f56bfc062723c751e8b465ee728b)
Start importing Assets/Scenes/Level 1.unity using Guid(2cda990e2423bbf4892e6590ba056729) Importer(815301076,1909f56bfc062723c751e8b465ee728b)  -> (artifact id: 'ccfb1e78c5975fa93ca225f2b2c9b35d') in 0.003348 seconds
  Import took 0.026736 seconds .

========================================================================
Received Import Request.
  Time since last request: 796.707899 seconds.
  path: Assets/Prefabs
  artifactKey: Guid(1509055dae09742c0b7bf7ebbc52ec8c) Importer(815301076,1909f56bfc062723c751e8b465ee728b)
Start importing Assets/Prefabs using Guid(1509055dae09742c0b7bf7ebbc52ec8c) Importer(815301076,1909f56bfc062723c751e8b465ee728b)  -> (artifact id: '84e0ac9be531a550db8b967d1c0219ef') in 0.004780 seconds
  Import took 0.010127 seconds .

