Using pre-set license

 COMMAND LINE ARGUMENTS:
/Applications/Unity/Hub/Editor/2020.3.5f1/Unity.app/Contents/MacOS/Unity
-adb2
-batchMode
-noUpm
-name
AssetImportWorker1
-projectPath
/Users/cerendastanoglu/Documents/GitHub/Up-and-Down
-logFile
Logs/AssetImportWorker1.log
-srvPort
53294
Successfully changed project path to: /Users/cerendastanoglu/Documents/GitHub/Up-and-Down
/Users/cerendastanoglu/Documents/GitHub/Up-and-Down
Using Asset Import Pipeline V2.
Refreshing native plugins compatible for Editor in 66.13 ms, found 2 plugins.
Preloading 0 native plugins for Editor in 0.00 ms.
Initialize engine version: 2020.3.5f1 (8095aa901b9b)
[Subsystems] Discovering subsystems at path /Applications/Unity/Hub/Editor/2020.3.5f1/Unity.app/Contents/Resources/UnitySubsystems
[Subsystems] Discovering subsystems at path /Users/cerendastanoglu/Documents/GitHub/Up-and-Down/Assets
GfxDevice: creating device client; threaded=0
2021-06-21 04:01:55.338 Unity[41654:10598812] Color LCD preferred device: Intel(R) Iris(TM) Plus Graphics 640 (low power)
2021-06-21 04:01:55.338 Unity[41654:10598812] Metal devices available: 1
2021-06-21 04:01:55.338 Unity[41654:10598812] 0: Intel(R) Iris(TM) Plus Graphics 640 (low power)
2021-06-21 04:01:55.340 Unity[41654:10598812] Using device Intel(R) Iris(TM) Plus Graphics 640 (low power)
Initializing Metal device caps: Intel(R) Iris(TM) Plus Graphics 640
Shader 'Universal Render Pipeline/Particles/Lit': fallback shader 'Universal Render Pipeline/Particles/SimpleLit' not found
Initialize mono
Mono path[0] = '/Applications/Unity/Hub/Editor/2020.3.5f1/Unity.app/Contents/Managed'
Mono path[1] = '/Applications/Unity/Hub/Editor/2020.3.5f1/Unity.app/Contents/MonoBleedingEdge/lib/mono/unityjit'
Mono config path = '/Applications/Unity/Hub/Editor/2020.3.5f1/Unity.app/Contents/MonoBleedingEdge/etc'
Using monoOptions --debugger-agent=transport=dt_socket,embedding=1,server=y,suspend=n,address=127.0.0.1:56654
Begin MonoManager ReloadAssembly
Registering precompiled unity dll's ...
Register platform support module: /Applications/Unity/Hub/Editor/2020.3.5f1/PlaybackEngines/WebGLSupport/UnityEditor.WebGL.Extensions.dll
Register platform support module: /Applications/Unity/Hub/Editor/2020.3.5f1/Unity.app/Contents/PlaybackEngines/MacStandaloneSupport/UnityEditor.OSXStandalone.Extensions.dll
Registered in 0.002921 seconds.
Native extension for OSXStandalone target not found
Native extension for WebGL target not found
Refreshing native plugins compatible for Editor in 58.35 ms, found 2 plugins.
Preloading 0 native plugins for Editor in 0.00 ms.
Mono: successfully reloaded assembly
- Completed reload, in  2.703 seconds
Platform modules already initialized, skipping
Registering precompiled user dll's ...
Registered in 0.004034 seconds.
Begin MonoManager ReloadAssembly
Native extension for OSXStandalone target not found
Native extension for WebGL target not found
Refreshing native plugins compatible for Editor in 64.23 ms, found 2 plugins.
Preloading 0 native plugins for Editor in 0.00 ms.
Mono: successfully reloaded assembly
- Completed reload, in  1.658 seconds
Platform modules already initialized, skipping
========================================================================
Worker process is ready to serve import requests
Shader 'Universal Render Pipeline/Particles/Lit': fallback shader 'Universal Render Pipeline/Particles/SimpleLit' not found
Launching external process: /Applications/Unity/Hub/Editor/2020.3.5f1/Unity.app/Contents/Tools/UnityShaderCompiler
Launched and connected shader compiler UnityShaderCompiler after 0.04 seconds
Refreshing native plugins compatible for Editor in 0.70 ms, found 2 plugins.
Preloading 0 native plugins for Editor in 0.00 ms.
Unloading 2917 Unused Serialized files (Serialized files now loaded: 0)
System memory in use before: 198.1 MB.
System memory in use after: 198.2 MB.

Unloading 20 unused Assets to reduce memory usage. Loaded Objects now: 3369.
Total: 3.537018 ms (FindLiveObjects: 0.617818 ms CreateObjectMapping: 0.245556 ms MarkObjects: 2.569002 ms  DeleteObjects: 0.102758 ms)

========================================================================
Received Import Request.
  path: Assets/Scenes/Level2.unity
  artifactKey: Guid(e5d2b23de7a8847f4b2a818f9df568e4) Importer(815301076,1909f56bfc062723c751e8b465ee728b)
Start importing Assets/Scenes/Level2.unity using Guid(e5d2b23de7a8847f4b2a818f9df568e4) Importer(815301076,1909f56bfc062723c751e8b465ee728b)  -> (artifact id: 'dae0909e263aea07db8160122263e911') in 0.022430 seconds
  Import took 0.030031 seconds .

========================================================================
Received Import Request.
  Time since last request: 36.315754 seconds.
  path: Assets/Scenes/Level3.unity
  artifactKey: Guid(1ee3373e8784042bd89e55b3352f6bbb) Importer(815301076,1909f56bfc062723c751e8b465ee728b)
Start importing Assets/Scenes/Level3.unity using Guid(1ee3373e8784042bd89e55b3352f6bbb) Importer(815301076,1909f56bfc062723c751e8b465ee728b)  -> (artifact id: '1bb83127089d5be35960d424eb5e1bef') in 0.004092 seconds
  Import took 0.010034 seconds .

========================================================================
Received Import Request.
  Time since last request: 272.394747 seconds.
  path: Assets/Scenes/Level3.unity
  artifactKey: Guid(1ee3373e8784042bd89e55b3352f6bbb) Importer(815301076,1909f56bfc062723c751e8b465ee728b)
Start importing Assets/Scenes/Level3.unity using Guid(1ee3373e8784042bd89e55b3352f6bbb) Importer(815301076,1909f56bfc062723c751e8b465ee728b)  -> (artifact id: 'af8c7fad5cc5a578fbe377fd13bcf0fb') in 0.003169 seconds
  Import took 0.010371 seconds .

========================================================================
Received Prepare
Registering precompiled user dll's ...
Registered in 0.003024 seconds.
Begin MonoManager ReloadAssembly
Native extension for OSXStandalone target not found
Native extension for WebGL target not found
Refreshing native plugins compatible for Editor in 0.57 ms, found 2 plugins.
Preloading 0 native plugins for Editor in 0.00 ms.
Mono: successfully reloaded assembly
- Completed reload, in  1.183 seconds
Platform modules already initialized, skipping
Shader 'Universal Render Pipeline/Particles/Lit': fallback shader 'Universal Render Pipeline/Particles/SimpleLit' not found
Refreshing native plugins compatible for Editor in 0.61 ms, found 2 plugins.
Preloading 0 native plugins for Editor in 0.00 ms.
Unloading 2852 Unused Serialized files (Serialized files now loaded: 0)
System memory in use before: 192.5 MB.
System memory in use after: 192.7 MB.

Unloading 8 unused Assets to reduce memory usage. Loaded Objects now: 3373.
Total: 2.671843 ms (FindLiveObjects: 0.366743 ms CreateObjectMapping: 0.143008 ms MarkObjects: 2.134114 ms  DeleteObjects: 0.026836 ms)

========================================================================
Received Prepare
Registering precompiled user dll's ...
Registered in 0.001006 seconds.
Begin MonoManager ReloadAssembly
Native extension for OSXStandalone target not found
Native extension for WebGL target not found
Refreshing native plugins compatible for Editor in 0.73 ms, found 2 plugins.
Preloading 0 native plugins for Editor in 0.00 ms.
Mono: successfully reloaded assembly
- Completed reload, in  1.223 seconds
Platform modules already initialized, skipping
Shader 'Universal Render Pipeline/Particles/Lit': fallback shader 'Universal Render Pipeline/Particles/SimpleLit' not found
Refreshing native plugins compatible for Editor in 0.88 ms, found 2 plugins.
Preloading 0 native plugins for Editor in 0.00 ms.
Unloading 2852 Unused Serialized files (Serialized files now loaded: 0)
System memory in use before: 192.8 MB.
System memory in use after: 193.1 MB.

Unloading 8 unused Assets to reduce memory usage. Loaded Objects now: 3377.
Total: 2.886124 ms (FindLiveObjects: 0.470868 ms CreateObjectMapping: 0.171141 ms MarkObjects: 2.217073 ms  DeleteObjects: 0.025617 ms)

========================================================================
Received Prepare
Registering precompiled user dll's ...
Registered in 0.001153 seconds.
Begin MonoManager ReloadAssembly
Native extension for OSXStandalone target not found
Native extension for WebGL target not found
Refreshing native plugins compatible for Editor in 0.56 ms, found 2 plugins.
Preloading 0 native plugins for Editor in 0.00 ms.
Mono: successfully reloaded assembly
- Completed reload, in  1.170 seconds
Platform modules already initialized, skipping
Shader 'Universal Render Pipeline/Particles/Lit': fallback shader 'Universal Render Pipeline/Particles/SimpleLit' not found
Refreshing native plugins compatible for Editor in 0.55 ms, found 2 plugins.
Preloading 0 native plugins for Editor in 0.00 ms.
Unloading 2852 Unused Serialized files (Serialized files now loaded: 0)
System memory in use before: 193.2 MB.
System memory in use after: 193.4 MB.

Unloading 8 unused Assets to reduce memory usage. Loaded Objects now: 3381.
Total: 2.686288 ms (FindLiveObjects: 0.346195 ms CreateObjectMapping: 0.155202 ms MarkObjects: 2.156830 ms  DeleteObjects: 0.025922 ms)

========================================================================
Received Prepare
Registering precompiled user dll's ...
Registered in 0.001900 seconds.
Begin MonoManager ReloadAssembly
Native extension for OSXStandalone target not found
Native extension for WebGL target not found
Refreshing native plugins compatible for Editor in 0.55 ms, found 2 plugins.
Preloading 0 native plugins for Editor in 0.00 ms.
Mono: successfully reloaded assembly
- Completed reload, in  1.185 seconds
Platform modules already initialized, skipping
Shader 'Universal Render Pipeline/Particles/Lit': fallback shader 'Universal Render Pipeline/Particles/SimpleLit' not found
Refreshing native plugins compatible for Editor in 0.56 ms, found 2 plugins.
Preloading 0 native plugins for Editor in 0.00 ms.
Unloading 2852 Unused Serialized files (Serialized files now loaded: 0)
System memory in use before: 193.5 MB.
System memory in use after: 193.7 MB.

Unloading 8 unused Assets to reduce memory usage. Loaded Objects now: 3385.
Total: 3.356740 ms (FindLiveObjects: 0.535356 ms CreateObjectMapping: 0.242073 ms MarkObjects: 2.557067 ms  DeleteObjects: 0.020117 ms)

========================================================================
Received Prepare
Registering precompiled user dll's ...
Registered in 0.001058 seconds.
Begin MonoManager ReloadAssembly
Native extension for OSXStandalone target not found
Native extension for WebGL target not found
Refreshing native plugins compatible for Editor in 0.90 ms, found 2 plugins.
Preloading 0 native plugins for Editor in 0.00 ms.
Mono: successfully reloaded assembly
- Completed reload, in  1.237 seconds
Platform modules already initialized, skipping
Shader 'Universal Render Pipeline/Particles/Lit': fallback shader 'Universal Render Pipeline/Particles/SimpleLit' not found
Refreshing native plugins compatible for Editor in 0.56 ms, found 2 plugins.
Preloading 0 native plugins for Editor in 0.00 ms.
Unloading 2852 Unused Serialized files (Serialized files now loaded: 0)
System memory in use before: 193.9 MB.
System memory in use after: 194.1 MB.

Unloading 8 unused Assets to reduce memory usage. Loaded Objects now: 3389.
Total: 2.808289 ms (FindLiveObjects: 0.542062 ms CreateObjectMapping: 0.174091 ms MarkObjects: 2.064305 ms  DeleteObjects: 0.026720 ms)

========================================================================
Received Import Request.
  Time since last request: 315.200133 seconds.
  path: Assets/Scenes/Level1.unity
  artifactKey: Guid(2cda990e2423bbf4892e6590ba056729) Importer(815301076,1909f56bfc062723c751e8b465ee728b)
Start importing Assets/Scenes/Level1.unity using Guid(2cda990e2423bbf4892e6590ba056729) Importer(815301076,1909f56bfc062723c751e8b465ee728b)  -> (artifact id: '6fe9c81bb75607144a5d04801875c6de') in 0.026058 seconds
  Import took 0.035966 seconds .

========================================================================
Received Prepare
Registering precompiled user dll's ...
Registered in 0.008465 seconds.
Begin MonoManager ReloadAssembly
Native extension for OSXStandalone target not found
Native extension for WebGL target not found
Refreshing native plugins compatible for Editor in 0.69 ms, found 2 plugins.
Preloading 0 native plugins for Editor in 0.00 ms.
Mono: successfully reloaded assembly
- Completed reload, in  1.209 seconds
Platform modules already initialized, skipping
Shader 'Universal Render Pipeline/Particles/Lit': fallback shader 'Universal Render Pipeline/Particles/SimpleLit' not found
Refreshing native plugins compatible for Editor in 0.55 ms, found 2 plugins.
Preloading 0 native plugins for Editor in 0.00 ms.
Unloading 2852 Unused Serialized files (Serialized files now loaded: 0)
System memory in use before: 194.2 MB.
System memory in use after: 194.4 MB.

Unloading 8 unused Assets to reduce memory usage. Loaded Objects now: 3393.
Total: 3.568515 ms (FindLiveObjects: 0.697540 ms CreateObjectMapping: 0.322280 ms MarkObjects: 2.515309 ms  DeleteObjects: 0.031269 ms)

========================================================================
Received Import Request.
  Time since last request: 7.778820 seconds.
  path: Assets/Scenes/Level3.unity
  artifactKey: Guid(1ee3373e8784042bd89e55b3352f6bbb) Importer(815301076,1909f56bfc062723c751e8b465ee728b)
Start importing Assets/Scenes/Level3.unity using Guid(1ee3373e8784042bd89e55b3352f6bbb) Importer(815301076,1909f56bfc062723c751e8b465ee728b)  -> (artifact id: '0a8f74641c04674cd6758c6c74e397fc') in 0.024504 seconds
  Import took 0.038553 seconds .

========================================================================
Received Import Request.
  Time since last request: 0.001699 seconds.
  path: Assets/Scenes/Level3.unity
  artifactKey: Guid(1ee3373e8784042bd89e55b3352f6bbb) Importer(815301076,1909f56bfc062723c751e8b465ee728b)
Start importing Assets/Scenes/Level3.unity using Guid(1ee3373e8784042bd89e55b3352f6bbb) Importer(815301076,1909f56bfc062723c751e8b465ee728b)  -> (artifact id: '0a8f74641c04674cd6758c6c74e397fc') in 0.001445 seconds
  Import took 0.007902 seconds .

========================================================================
Received Import Request.
  Time since last request: 12.063430 seconds.
  path: Assets/Scenes/Level1.unity
  artifactKey: Guid(2cda990e2423bbf4892e6590ba056729) Importer(815301076,1909f56bfc062723c751e8b465ee728b)
Start importing Assets/Scenes/Level1.unity using Guid(2cda990e2423bbf4892e6590ba056729) Importer(815301076,1909f56bfc062723c751e8b465ee728b)  -> (artifact id: '122fd06dc4d22a5e109b538047407935') in 0.003924 seconds
  Import took 0.013320 seconds .

========================================================================
Received Import Request.
  Time since last request: 51.180795 seconds.
  path: Assets/Scenes/Level3.unity
  artifactKey: Guid(1ee3373e8784042bd89e55b3352f6bbb) Importer(815301076,1909f56bfc062723c751e8b465ee728b)
Start importing Assets/Scenes/Level3.unity using Guid(1ee3373e8784042bd89e55b3352f6bbb) Importer(815301076,1909f56bfc062723c751e8b465ee728b)  -> (artifact id: 'fce3226032736fbb4244728856bf6da6') in 0.003172 seconds
  Import took 0.009551 seconds .

========================================================================
Received Import Request.
  Time since last request: 24.485193 seconds.
  path: Assets/Scenes/Level2.unity
  artifactKey: Guid(e5d2b23de7a8847f4b2a818f9df568e4) Importer(815301076,1909f56bfc062723c751e8b465ee728b)
Start importing Assets/Scenes/Level2.unity using Guid(e5d2b23de7a8847f4b2a818f9df568e4) Importer(815301076,1909f56bfc062723c751e8b465ee728b)  -> (artifact id: 'fe13c468965e0b2660e524b2fa3f5437') in 0.004048 seconds
  Import took 0.010747 seconds .

========================================================================
Received Import Request.
  Time since last request: 14.321903 seconds.
  path: Assets/Scenes/Level1.unity
  artifactKey: Guid(2cda990e2423bbf4892e6590ba056729) Importer(815301076,1909f56bfc062723c751e8b465ee728b)
Start importing Assets/Scenes/Level1.unity using Guid(2cda990e2423bbf4892e6590ba056729) Importer(815301076,1909f56bfc062723c751e8b465ee728b)  -> (artifact id: 'ffdba550b38952f6d04a4f641f7c1b02') in 0.003712 seconds
  Import took 0.011886 seconds .

========================================================================
Received Import Request.
  Time since last request: 75.952181 seconds.
  path: Assets/Scenes/Level2.unity
  artifactKey: Guid(e5d2b23de7a8847f4b2a818f9df568e4) Importer(815301076,1909f56bfc062723c751e8b465ee728b)
Start importing Assets/Scenes/Level2.unity using Guid(e5d2b23de7a8847f4b2a818f9df568e4) Importer(815301076,1909f56bfc062723c751e8b465ee728b)  -> (artifact id: 'de39e27b33a893983f2483c2d00dfd48') in 0.004240 seconds
  Import took 0.011376 seconds .

========================================================================
Received Import Request.
  Time since last request: 0.001435 seconds.
  path: Assets/Scenes/Level2.unity
  artifactKey: Guid(e5d2b23de7a8847f4b2a818f9df568e4) Importer(815301076,1909f56bfc062723c751e8b465ee728b)
Start importing Assets/Scenes/Level2.unity using Guid(e5d2b23de7a8847f4b2a818f9df568e4) Importer(815301076,1909f56bfc062723c751e8b465ee728b)  -> (artifact id: 'de39e27b33a893983f2483c2d00dfd48') in 0.003739 seconds
  Import took 0.015180 seconds .

========================================================================
Received Import Request.
  Time since last request: 6.065557 seconds.
  path: Assets/Scenes/Level3.unity
  artifactKey: Guid(1ee3373e8784042bd89e55b3352f6bbb) Importer(815301076,1909f56bfc062723c751e8b465ee728b)
Start importing Assets/Scenes/Level3.unity using Guid(1ee3373e8784042bd89e55b3352f6bbb) Importer(815301076,1909f56bfc062723c751e8b465ee728b)  -> (artifact id: 'fae219fb4c4ed897ccd5b6d0733c39b5') in 0.004114 seconds
  Import took 0.012420 seconds .

========================================================================
Received Import Request.
  Time since last request: 22.422588 seconds.
  path: Assets/Scenes/Level1.unity
  artifactKey: Guid(2cda990e2423bbf4892e6590ba056729) Importer(815301076,1909f56bfc062723c751e8b465ee728b)
Start importing Assets/Scenes/Level1.unity using Guid(2cda990e2423bbf4892e6590ba056729) Importer(815301076,1909f56bfc062723c751e8b465ee728b)  -> (artifact id: 'd15470b4188dbee88618c427b8b38f7d') in 0.003928 seconds
  Import took 0.011892 seconds .

========================================================================
Received Import Request.
  Time since last request: 33.786313 seconds.
  path: Assets/Scenes/Level2.unity
  artifactKey: Guid(e5d2b23de7a8847f4b2a818f9df568e4) Importer(815301076,1909f56bfc062723c751e8b465ee728b)
Start importing Assets/Scenes/Level2.unity using Guid(e5d2b23de7a8847f4b2a818f9df568e4) Importer(815301076,1909f56bfc062723c751e8b465ee728b)  -> (artifact id: '8c4417c87811a5460ea34b5c6d66d247') in 0.030130 seconds
  Import took 0.041660 seconds .

========================================================================
Received Import Request.
  Time since last request: 0.001310 seconds.
  path: Assets/Scenes/Level2.unity
  artifactKey: Guid(e5d2b23de7a8847f4b2a818f9df568e4) Importer(815301076,1909f56bfc062723c751e8b465ee728b)
Start importing Assets/Scenes/Level2.unity using Guid(e5d2b23de7a8847f4b2a818f9df568e4) Importer(815301076,1909f56bfc062723c751e8b465ee728b)  -> (artifact id: '8c4417c87811a5460ea34b5c6d66d247') in 0.001601 seconds
  Import took 0.008578 seconds .

========================================================================
Received Import Request.
  Time since last request: 111.246186 seconds.
  path: Assets/Scenes/Level1.unity
  artifactKey: Guid(2cda990e2423bbf4892e6590ba056729) Importer(815301076,1909f56bfc062723c751e8b465ee728b)
Start importing Assets/Scenes/Level1.unity using Guid(2cda990e2423bbf4892e6590ba056729) Importer(815301076,1909f56bfc062723c751e8b465ee728b)  -> (artifact id: 'eefc4d323fea36b3b22bbd38c1212322') in 0.005870 seconds
  Import took 0.015689 seconds .

========================================================================
Received Import Request.
  Time since last request: 3.574414 seconds.
  path: Assets/Scenes/Level2.unity
  artifactKey: Guid(e5d2b23de7a8847f4b2a818f9df568e4) Importer(815301076,1909f56bfc062723c751e8b465ee728b)
Start importing Assets/Scenes/Level2.unity using Guid(e5d2b23de7a8847f4b2a818f9df568e4) Importer(815301076,1909f56bfc062723c751e8b465ee728b)  -> (artifact id: 'c50477eb96d326f1e835fa9c65845a17') in 0.003067 seconds
  Import took 0.011322 seconds .

========================================================================
Received Import Request.
  Time since last request: 7.476833 seconds.
  path: Assets/Scenes/Level3.unity
  artifactKey: Guid(1ee3373e8784042bd89e55b3352f6bbb) Importer(815301076,1909f56bfc062723c751e8b465ee728b)
Start importing Assets/Scenes/Level3.unity using Guid(1ee3373e8784042bd89e55b3352f6bbb) Importer(815301076,1909f56bfc062723c751e8b465ee728b)  -> (artifact id: '775b00bc09b9f859e3355632f0d1ac29') in 0.004622 seconds
  Import took 0.011081 seconds .

========================================================================
Received Prepare
Registering precompiled user dll's ...
Registered in 0.001044 seconds.
Begin MonoManager ReloadAssembly
Native extension for OSXStandalone target not found
Native extension for WebGL target not found
Refreshing native plugins compatible for Editor in 0.59 ms, found 2 plugins.
Preloading 0 native plugins for Editor in 0.00 ms.
Mono: successfully reloaded assembly
- Completed reload, in  1.206 seconds
Platform modules already initialized, skipping
Shader 'Universal Render Pipeline/Particles/Lit': fallback shader 'Universal Render Pipeline/Particles/SimpleLit' not found
Refreshing native plugins compatible for Editor in 0.75 ms, found 2 plugins.
Preloading 0 native plugins for Editor in 0.00 ms.
Unloading 2852 Unused Serialized files (Serialized files now loaded: 0)
System memory in use before: 194.6 MB.
System memory in use after: 194.8 MB.

Unloading 8 unused Assets to reduce memory usage. Loaded Objects now: 3397.
Total: 6.647511 ms (FindLiveObjects: 1.038656 ms CreateObjectMapping: 0.393811 ms MarkObjects: 5.183654 ms  DeleteObjects: 0.028440 ms)

========================================================================
Received Import Request.
  Time since last request: 247.068845 seconds.
  path: Assets/Scenes/End.unity
  artifactKey: Guid(254c0950d2ab9455295122618ad7931d) Importer(815301076,1909f56bfc062723c751e8b465ee728b)
Start importing Assets/Scenes/End.unity using Guid(254c0950d2ab9455295122618ad7931d) Importer(815301076,1909f56bfc062723c751e8b465ee728b)  -> (artifact id: 'c619d03ce00446fcec081a59b3416ee9') in 0.027171 seconds
  Import took 0.035996 seconds .

========================================================================
Received Import Request.
  Time since last request: 0.001737 seconds.
  path: Assets/Scenes/End.unity
  artifactKey: Guid(254c0950d2ab9455295122618ad7931d) Importer(815301076,1909f56bfc062723c751e8b465ee728b)
Start importing Assets/Scenes/End.unity using Guid(254c0950d2ab9455295122618ad7931d) Importer(815301076,1909f56bfc062723c751e8b465ee728b)  -> (artifact id: 'c619d03ce00446fcec081a59b3416ee9') in 0.001780 seconds
  Import took 0.007847 seconds .

========================================================================
Received Prepare
Registering precompiled user dll's ...
Registered in 0.001738 seconds.
Begin MonoManager ReloadAssembly
Native extension for OSXStandalone target not found
Native extension for WebGL target not found
Refreshing native plugins compatible for Editor in 0.57 ms, found 2 plugins.
Preloading 0 native plugins for Editor in 0.00 ms.
Mono: successfully reloaded assembly
- Completed reload, in  1.216 seconds
Platform modules already initialized, skipping
Shader 'Universal Render Pipeline/Particles/Lit': fallback shader 'Universal Render Pipeline/Particles/SimpleLit' not found
Refreshing native plugins compatible for Editor in 0.62 ms, found 2 plugins.
Preloading 0 native plugins for Editor in 0.00 ms.
Unloading 2852 Unused Serialized files (Serialized files now loaded: 0)
System memory in use before: 194.9 MB.
System memory in use after: 195.1 MB.

Unloading 8 unused Assets to reduce memory usage. Loaded Objects now: 3401.
Total: 5.527001 ms (FindLiveObjects: 0.705736 ms CreateObjectMapping: 0.327921 ms MarkObjects: 4.456831 ms  DeleteObjects: 0.033402 ms)

========================================================================
Received Prepare
Registering precompiled user dll's ...
Registered in 0.000992 seconds.
Begin MonoManager ReloadAssembly
Native extension for OSXStandalone target not found
Native extension for WebGL target not found
Refreshing native plugins compatible for Editor in 0.69 ms, found 2 plugins.
Preloading 0 native plugins for Editor in 0.00 ms.
Mono: successfully reloaded assembly
- Completed reload, in  1.375 seconds
Platform modules already initialized, skipping
Shader 'Universal Render Pipeline/Particles/Lit': fallback shader 'Universal Render Pipeline/Particles/SimpleLit' not found
Refreshing native plugins compatible for Editor in 0.60 ms, found 2 plugins.
Preloading 0 native plugins for Editor in 0.00 ms.
Unloading 2852 Unused Serialized files (Serialized files now loaded: 0)
System memory in use before: 195.2 MB.
System memory in use after: 195.4 MB.

Unloading 8 unused Assets to reduce memory usage. Loaded Objects now: 3405.
Total: 5.059481 ms (FindLiveObjects: 0.701535 ms CreateObjectMapping: 0.383267 ms MarkObjects: 3.930749 ms  DeleteObjects: 0.041882 ms)

========================================================================
Received Import Request.
  Time since last request: 749.561700 seconds.
  path: Assets/Scripts/Cursor.cs
  artifactKey: Guid(3ce7eb4e6ce17403c807b007fce09520) Importer(815301076,1909f56bfc062723c751e8b465ee728b)
Start importing Assets/Scripts/Cursor.cs using Guid(3ce7eb4e6ce17403c807b007fce09520) Importer(815301076,1909f56bfc062723c751e8b465ee728b)  -> (artifact id: 'bdd407a1413eba3464689c63d9d329d7') in 0.606728 seconds
  Import took 0.611968 seconds .

========================================================================
Received Prepare
Registering precompiled user dll's ...
Registered in 0.001522 seconds.
Begin MonoManager ReloadAssembly
Native extension for OSXStandalone target not found
Native extension for WebGL target not found
Refreshing native plugins compatible for Editor in 0.64 ms, found 2 plugins.
Preloading 0 native plugins for Editor in 0.00 ms.
Mono: successfully reloaded assembly
- Completed reload, in  1.401 seconds
Platform modules already initialized, skipping
Shader 'Universal Render Pipeline/Particles/Lit': fallback shader 'Universal Render Pipeline/Particles/SimpleLit' not found
Refreshing native plugins compatible for Editor in 0.74 ms, found 2 plugins.
Preloading 0 native plugins for Editor in 0.00 ms.
Unloading 2853 Unused Serialized files (Serialized files now loaded: 0)
System memory in use before: 199.8 MB.
System memory in use after: 200.0 MB.

Unloading 8 unused Assets to reduce memory usage. Loaded Objects now: 3410.
Total: 3.416151 ms (FindLiveObjects: 0.558507 ms CreateObjectMapping: 0.304900 ms MarkObjects: 2.526017 ms  DeleteObjects: 0.024698 ms)

========================================================================
Received Import Request.
  Time since last request: 90.207592 seconds.
  path: Assets/Materials/klipartz.com.png
  artifactKey: Guid(6fd25640d919d4d1da1a90ed10394e4c) Importer(815301076,1909f56bfc062723c751e8b465ee728b)
Start importing Assets/Materials/klipartz.com.png using Guid(6fd25640d919d4d1da1a90ed10394e4c) Importer(815301076,1909f56bfc062723c751e8b465ee728b)  -> (artifact id: '2a759d3f13f365a7638dc50b5a677612') in 0.963837 seconds
  Import took 0.970243 seconds .

========================================================================
Received Import Request.
  Time since last request: 0.786816 seconds.
  path: Assets/Materials/coin.png
  artifactKey: Guid(6fd25640d919d4d1da1a90ed10394e4c) Importer(815301076,1909f56bfc062723c751e8b465ee728b)
Start importing Assets/Materials/coin.png using Guid(6fd25640d919d4d1da1a90ed10394e4c) Importer(815301076,1909f56bfc062723c751e8b465ee728b)  -> (artifact id: 'b62d4d13185166d8946b65280de5a690') in 0.015826 seconds
  Import took 0.024236 seconds .

========================================================================
Received Import Request.
  Time since last request: 192.449293 seconds.
  path: Assets/Scripts/Cursor.cs
  artifactKey: Guid(3ce7eb4e6ce17403c807b007fce09520) Importer(815301076,1909f56bfc062723c751e8b465ee728b)
Start importing Assets/Scripts/Cursor.cs using Guid(3ce7eb4e6ce17403c807b007fce09520) Importer(815301076,1909f56bfc062723c751e8b465ee728b)  -> (artifact id: 'fc35ab81a029d05aa01ba95d74a05c46') in 0.011366 seconds
  Import took 0.035430 seconds .

========================================================================
Received Prepare
Registering precompiled user dll's ...
Registered in 0.002224 seconds.
Begin MonoManager ReloadAssembly
Native extension for OSXStandalone target not found
Native extension for WebGL target not found
Refreshing native plugins compatible for Editor in 0.58 ms, found 2 plugins.
Preloading 0 native plugins for Editor in 0.00 ms.
Mono: successfully reloaded assembly
- Completed reload, in  1.312 seconds
Platform modules already initialized, skipping
Shader 'Universal Render Pipeline/Particles/Lit': fallback shader 'Universal Render Pipeline/Particles/SimpleLit' not found
Refreshing native plugins compatible for Editor in 0.63 ms, found 2 plugins.
Preloading 0 native plugins for Editor in 0.00 ms.
Unloading 2853 Unused Serialized files (Serialized files now loaded: 0)
System memory in use before: 207.7 MB.
System memory in use after: 207.9 MB.

Unloading 8 unused Assets to reduce memory usage. Loaded Objects now: 3420.
Total: 4.002224 ms (FindLiveObjects: 0.694616 ms CreateObjectMapping: 0.330836 ms MarkObjects: 2.943438 ms  DeleteObjects: 0.031376 ms)

========================================================================
Received Prepare
Registering precompiled user dll's ...
Registered in 0.004211 seconds.
Begin MonoManager ReloadAssembly
Native extension for OSXStandalone target not found
Native extension for WebGL target not found
Refreshing native plugins compatible for Editor in 0.55 ms, found 2 plugins.
Preloading 0 native plugins for Editor in 0.00 ms.
Mono: successfully reloaded assembly
- Completed reload, in  1.469 seconds
Platform modules already initialized, skipping
Shader 'Universal Render Pipeline/Particles/Lit': fallback shader 'Universal Render Pipeline/Particles/SimpleLit' not found
Refreshing native plugins compatible for Editor in 0.65 ms, found 2 plugins.
Preloading 0 native plugins for Editor in 0.00 ms.
Unloading 2853 Unused Serialized files (Serialized files now loaded: 0)
System memory in use before: 208.0 MB.
System memory in use after: 208.2 MB.

Unloading 8 unused Assets to reduce memory usage. Loaded Objects now: 3424.
Total: 3.607315 ms (FindLiveObjects: 0.706763 ms CreateObjectMapping: 0.300375 ms MarkObjects: 2.559375 ms  DeleteObjects: 0.038932 ms)

========================================================================
Received Import Request.
  Time since last request: 169.929055 seconds.
  path: Assets/Scenes/Choose.unity
  artifactKey: Guid(b430ff2e637c541c7b76e7db97ecd619) Importer(815301076,1909f56bfc062723c751e8b465ee728b)
Start importing Assets/Scenes/Choose.unity using Guid(b430ff2e637c541c7b76e7db97ecd619) Importer(815301076,1909f56bfc062723c751e8b465ee728b)  -> (artifact id: 'f306aaf7bb4aa7df4144faeb276a906f') in 0.025844 seconds
  Import took 0.032717 seconds .

========================================================================
Received Prepare
Registering precompiled user dll's ...
Registered in 0.004195 seconds.
Begin MonoManager ReloadAssembly
Native extension for OSXStandalone target not found
Native extension for WebGL target not found
Refreshing native plugins compatible for Editor in 0.57 ms, found 2 plugins.
Preloading 0 native plugins for Editor in 0.00 ms.
Mono: successfully reloaded assembly
- Completed reload, in  1.237 seconds
Platform modules already initialized, skipping
Shader 'Universal Render Pipeline/Particles/Lit': fallback shader 'Universal Render Pipeline/Particles/SimpleLit' not found
Refreshing native plugins compatible for Editor in 0.88 ms, found 2 plugins.
Preloading 0 native plugins for Editor in 0.00 ms.
Unloading 2853 Unused Serialized files (Serialized files now loaded: 0)
System memory in use before: 208.3 MB.
System memory in use after: 208.5 MB.

Unloading 8 unused Assets to reduce memory usage. Loaded Objects now: 3428.
Total: 2.892607 ms (FindLiveObjects: 0.449602 ms CreateObjectMapping: 0.196066 ms MarkObjects: 2.199253 ms  DeleteObjects: 0.045697 ms)

========================================================================
Received Import Request.
  Time since last request: 97.922725 seconds.
  path: Assets/Scenes/Level4.unity
  artifactKey: Guid(e5837bcf39aaa4a8aafedc84848b9509) Importer(815301076,1909f56bfc062723c751e8b465ee728b)
Start importing Assets/Scenes/Level4.unity using Guid(e5837bcf39aaa4a8aafedc84848b9509) Importer(815301076,1909f56bfc062723c751e8b465ee728b)  -> (artifact id: 'ae1385e7656669cdda414c0aaf918b9b') in 0.036850 seconds
  Import took 0.043440 seconds .

========================================================================
Received Prepare
Registering precompiled user dll's ...
Registered in 0.005953 seconds.
Begin MonoManager ReloadAssembly
Native extension for OSXStandalone target not found
Native extension for WebGL target not found
Refreshing native plugins compatible for Editor in 0.59 ms, found 2 plugins.
Preloading 0 native plugins for Editor in 0.00 ms.
Mono: successfully reloaded assembly
- Completed reload, in  1.367 seconds
Platform modules already initialized, skipping
Shader 'Universal Render Pipeline/Particles/Lit': fallback shader 'Universal Render Pipeline/Particles/SimpleLit' not found
Refreshing native plugins compatible for Editor in 0.59 ms, found 2 plugins.
Preloading 0 native plugins for Editor in 0.00 ms.
Unloading 2853 Unused Serialized files (Serialized files now loaded: 0)
System memory in use before: 208.6 MB.
System memory in use after: 208.9 MB.

Unloading 8 unused Assets to reduce memory usage. Loaded Objects now: 3432.
Total: 3.730855 ms (FindLiveObjects: 0.481982 ms CreateObjectMapping: 0.231865 ms MarkObjects: 2.970167 ms  DeleteObjects: 0.044133 ms)

========================================================================
Received Import Request.
  Time since last request: 176.463796 seconds.
  path: Assets/Materials/finish.png
  artifactKey: Guid(eb69246e3bfba4afaafa12273ab8e057) Importer(815301076,1909f56bfc062723c751e8b465ee728b)
Start importing Assets/Materials/finish.png using Guid(eb69246e3bfba4afaafa12273ab8e057) Importer(815301076,1909f56bfc062723c751e8b465ee728b)  -> (artifact id: '7c608dcfa4d8a0362d802028168b243a') in 0.079932 seconds
  Import took 0.085937 seconds .

========================================================================
Received Import Request.
  Time since last request: 0.007321 seconds.
  path: Assets/Materials/finish.png
  artifactKey: Guid(eb69246e3bfba4afaafa12273ab8e057) Importer(815301076,1909f56bfc062723c751e8b465ee728b)
Start importing Assets/Materials/finish.png using Guid(eb69246e3bfba4afaafa12273ab8e057) Importer(815301076,1909f56bfc062723c751e8b465ee728b)  -> (artifact id: '7c608dcfa4d8a0362d802028168b243a') in 0.007722 seconds
  Import took 0.013419 seconds .

========================================================================
Received Import Request.
  Time since last request: 201.514275 seconds.
  path: Assets/Prefabs/Wall 1.prefab
  artifactKey: Guid(f1384a38b60a142ef9c0214c20a4317a) Importer(815301076,1909f56bfc062723c751e8b465ee728b)
Start importing Assets/Prefabs/Wall 1.prefab using Guid(f1384a38b60a142ef9c0214c20a4317a) Importer(815301076,1909f56bfc062723c751e8b465ee728b)  -> (artifact id: '9b288d77e9ef63c4395035e86811cf4b') in 1.247029 seconds
  Import took 1.266724 seconds .

========================================================================
Received Prepare
Registering precompiled user dll's ...
Registered in 0.004856 seconds.
Begin MonoManager ReloadAssembly
Native extension for OSXStandalone target not found
Native extension for WebGL target not found
Refreshing native plugins compatible for Editor in 0.73 ms, found 2 plugins.
Preloading 0 native plugins for Editor in 0.00 ms.
Mono: successfully reloaded assembly
- Completed reload, in  1.341 seconds
Platform modules already initialized, skipping
Shader 'Universal Render Pipeline/Particles/Lit': fallback shader 'Universal Render Pipeline/Particles/SimpleLit' not found
Refreshing native plugins compatible for Editor in 1.07 ms, found 2 plugins.
Preloading 0 native plugins for Editor in 0.00 ms.
Unloading 2853 Unused Serialized files (Serialized files now loaded: 0)
System memory in use before: 213.5 MB.
System memory in use after: 213.7 MB.

Unloading 8 unused Assets to reduce memory usage. Loaded Objects now: 3442.
Total: 4.350042 ms (FindLiveObjects: 0.483971 ms CreateObjectMapping: 0.245175 ms MarkObjects: 3.593128 ms  DeleteObjects: 0.025524 ms)

========================================================================
Received Prepare
Registering precompiled user dll's ...
Registered in 0.000973 seconds.
Begin MonoManager ReloadAssembly
Native extension for OSXStandalone target not found
Native extension for WebGL target not found
Refreshing native plugins compatible for Editor in 0.58 ms, found 2 plugins.
Preloading 0 native plugins for Editor in 0.00 ms.
Mono: successfully reloaded assembly
- Completed reload, in  1.372 seconds
Platform modules already initialized, skipping
Shader 'Universal Render Pipeline/Particles/Lit': fallback shader 'Universal Render Pipeline/Particles/SimpleLit' not found
Refreshing native plugins compatible for Editor in 0.65 ms, found 2 plugins.
Preloading 0 native plugins for Editor in 0.00 ms.
Unloading 2853 Unused Serialized files (Serialized files now loaded: 0)
System memory in use before: 213.8 MB.
System memory in use after: 214.0 MB.

Unloading 8 unused Assets to reduce memory usage. Loaded Objects now: 3446.
Total: 3.843434 ms (FindLiveObjects: 0.610654 ms CreateObjectMapping: 0.414903 ms MarkObjects: 2.775210 ms  DeleteObjects: 0.023296 ms)

========================================================================
Received Prepare
Registering precompiled user dll's ...
Registered in 0.002609 seconds.
Begin MonoManager ReloadAssembly
Native extension for OSXStandalone target not found
Native extension for WebGL target not found
Refreshing native plugins compatible for Editor in 0.92 ms, found 2 plugins.
Preloading 0 native plugins for Editor in 0.00 ms.
Mono: successfully reloaded assembly
- Completed reload, in  1.280 seconds
Platform modules already initialized, skipping
Shader 'Universal Render Pipeline/Particles/Lit': fallback shader 'Universal Render Pipeline/Particles/SimpleLit' not found
Refreshing native plugins compatible for Editor in 0.58 ms, found 2 plugins.
Preloading 0 native plugins for Editor in 0.00 ms.
Unloading 2853 Unused Serialized files (Serialized files now loaded: 0)
System memory in use before: 214.1 MB.
System memory in use after: 214.3 MB.

Unloading 8 unused Assets to reduce memory usage. Loaded Objects now: 3450.
Total: 2.974553 ms (FindLiveObjects: 0.415849 ms CreateObjectMapping: 0.156363 ms MarkObjects: 2.377437 ms  DeleteObjects: 0.022956 ms)

========================================================================
Received Prepare
Registering precompiled user dll's ...
Registered in 0.001377 seconds.
Begin MonoManager ReloadAssembly
Native extension for OSXStandalone target not found
Native extension for WebGL target not found
Refreshing native plugins compatible for Editor in 0.57 ms, found 2 plugins.
Preloading 0 native plugins for Editor in 0.00 ms.
Mono: successfully reloaded assembly
- Completed reload, in  1.211 seconds
Platform modules already initialized, skipping
Shader 'Universal Render Pipeline/Particles/Lit': fallback shader 'Universal Render Pipeline/Particles/SimpleLit' not found
Refreshing native plugins compatible for Editor in 0.58 ms, found 2 plugins.
Preloading 0 native plugins for Editor in 0.00 ms.
Unloading 2853 Unused Serialized files (Serialized files now loaded: 0)
System memory in use before: 214.4 MB.
System memory in use after: 214.6 MB.

Unloading 8 unused Assets to reduce memory usage. Loaded Objects now: 3454.
Total: 2.618316 ms (FindLiveObjects: 0.431068 ms CreateObjectMapping: 0.148609 ms MarkObjects: 2.020906 ms  DeleteObjects: 0.016578 ms)

========================================================================
Received Prepare
Registering precompiled user dll's ...
Registered in 0.005842 seconds.
Begin MonoManager ReloadAssembly
Native extension for OSXStandalone target not found
Native extension for WebGL target not found
Refreshing native plugins compatible for Editor in 0.67 ms, found 2 plugins.
Preloading 0 native plugins for Editor in 0.00 ms.
Mono: successfully reloaded assembly
- Completed reload, in  1.429 seconds
Platform modules already initialized, skipping
Shader 'Universal Render Pipeline/Particles/Lit': fallback shader 'Universal Render Pipeline/Particles/SimpleLit' not found
Refreshing native plugins compatible for Editor in 0.58 ms, found 2 plugins.
Preloading 0 native plugins for Editor in 0.00 ms.
Unloading 2853 Unused Serialized files (Serialized files now loaded: 0)
System memory in use before: 214.7 MB.
System memory in use after: 214.9 MB.

Unloading 8 unused Assets to reduce memory usage. Loaded Objects now: 3458.
Total: 4.699104 ms (FindLiveObjects: 0.640706 ms CreateObjectMapping: 0.330701 ms MarkObjects: 3.701168 ms  DeleteObjects: 0.023862 ms)

========================================================================
Received Import Request.
  Time since last request: 1837.357015 seconds.
  path: Assets/Scenes/Begin.unity
  artifactKey: Guid(eb8e72f641cbb4b6e90439d9732e766a) Importer(815301076,1909f56bfc062723c751e8b465ee728b)
Start importing Assets/Scenes/Begin.unity using Guid(eb8e72f641cbb4b6e90439d9732e766a) Importer(815301076,1909f56bfc062723c751e8b465ee728b)  -> (artifact id: '45313580dd6aaf6d35e92b80f6335206') in 0.024285 seconds
  Import took 0.032471 seconds .

========================================================================
Received Import Request.
  Time since last request: 11.505037 seconds.
  path: Assets/Scenes/Choose.unity
  artifactKey: Guid(b430ff2e637c541c7b76e7db97ecd619) Importer(815301076,1909f56bfc062723c751e8b465ee728b)
Start importing Assets/Scenes/Choose.unity using Guid(b430ff2e637c541c7b76e7db97ecd619) Importer(815301076,1909f56bfc062723c751e8b465ee728b)  -> (artifact id: '756718d55048b2ba76a49ae7fb4e43d8') in 0.004017 seconds
  Import took 0.012045 seconds .

========================================================================
Received Import Request.
  Time since last request: 22.707684 seconds.
  path: Assets/Scenes/End.unity
  artifactKey: Guid(254c0950d2ab9455295122618ad7931d) Importer(815301076,1909f56bfc062723c751e8b465ee728b)
Start importing Assets/Scenes/End.unity using Guid(254c0950d2ab9455295122618ad7931d) Importer(815301076,1909f56bfc062723c751e8b465ee728b)  -> (artifact id: '27027196d2c14858e657650de665ec84') in 0.001469 seconds
  Import took 0.007541 seconds .

========================================================================
Received Import Request.
  Time since last request: 26.360177 seconds.
  path: Assets/Scenes/Level4.unity
  artifactKey: Guid(e5837bcf39aaa4a8aafedc84848b9509) Importer(815301076,1909f56bfc062723c751e8b465ee728b)
Start importing Assets/Scenes/Level4.unity using Guid(e5837bcf39aaa4a8aafedc84848b9509) Importer(815301076,1909f56bfc062723c751e8b465ee728b)  -> (artifact id: '97dfc1e7543ca72dfdbca4b5547a64ff') in 0.013287 seconds
  Import took 0.022695 seconds .

========================================================================
Received Import Request.
  Time since last request: 727.320684 seconds.
  path: Assets/Scripts/Timer.cs
  artifactKey: Guid(5a71c9d0e76844319844768673c4263c) Importer(815301076,1909f56bfc062723c751e8b465ee728b)
Start importing Assets/Scripts/Timer.cs using Guid(5a71c9d0e76844319844768673c4263c) Importer(815301076,1909f56bfc062723c751e8b465ee728b)  -> (artifact id: '95ce21d30ac91160ffb93933ddac7d37') in 0.015676 seconds
  Import took 0.024171 seconds .

========================================================================
Received Prepare
Registering precompiled user dll's ...
Registered in 0.001779 seconds.
Begin MonoManager ReloadAssembly
Native extension for OSXStandalone target not found
Native extension for WebGL target not found
Refreshing native plugins compatible for Editor in 0.66 ms, found 2 plugins.
Preloading 0 native plugins for Editor in 0.00 ms.
Mono: successfully reloaded assembly
- Completed reload, in  1.186 seconds
Platform modules already initialized, skipping
Shader 'Universal Render Pipeline/Particles/Lit': fallback shader 'Universal Render Pipeline/Particles/SimpleLit' not found
Refreshing native plugins compatible for Editor in 0.75 ms, found 2 plugins.
Preloading 0 native plugins for Editor in 0.00 ms.
Unloading 2854 Unused Serialized files (Serialized files now loaded: 0)
System memory in use before: 215.1 MB.
System memory in use after: 215.3 MB.

Unloading 8 unused Assets to reduce memory usage. Loaded Objects now: 3463.
Total: 3.881915 ms (FindLiveObjects: 0.623363 ms CreateObjectMapping: 0.251236 ms MarkObjects: 2.982769 ms  DeleteObjects: 0.022012 ms)

========================================================================
Received Import Request.
  Time since last request: 64.272503 seconds.
  path: Assets/Materials/Untitled_Artwork 2.png
  artifactKey: Guid(2133afd05706842a690df1862ca3075b) Importer(815301076,1909f56bfc062723c751e8b465ee728b)
Start importing Assets/Materials/Untitled_Artwork 2.png using Guid(2133afd05706842a690df1862ca3075b) Importer(815301076,1909f56bfc062723c751e8b465ee728b)  -> (artifact id: '7715e024836a1dfb5086df63856bfab7') in 0.089987 seconds
  Import took 0.095225 seconds .

========================================================================
Received Import Request.
  Time since last request: 1.793067 seconds.
  path: Assets/Materials/Timer.png
  artifactKey: Guid(2133afd05706842a690df1862ca3075b) Importer(815301076,1909f56bfc062723c751e8b465ee728b)
Start importing Assets/Materials/Timer.png using Guid(2133afd05706842a690df1862ca3075b) Importer(815301076,1909f56bfc062723c751e8b465ee728b)  -> (artifact id: '46a89bf73095ab20435a26d629b510c4') in 0.015216 seconds
  Import took 0.023309 seconds .

========================================================================
Received Prepare
Registering precompiled user dll's ...
Registered in 0.001286 seconds.
Begin MonoManager ReloadAssembly
Native extension for OSXStandalone target not found
Native extension for WebGL target not found
Refreshing native plugins compatible for Editor in 0.63 ms, found 2 plugins.
Preloading 0 native plugins for Editor in 0.00 ms.
Mono: successfully reloaded assembly
- Completed reload, in  1.295 seconds
Platform modules already initialized, skipping
Shader 'Universal Render Pipeline/Particles/Lit': fallback shader 'Universal Render Pipeline/Particles/SimpleLit' not found
Refreshing native plugins compatible for Editor in 0.55 ms, found 2 plugins.
Preloading 0 native plugins for Editor in 0.00 ms.
Unloading 2854 Unused Serialized files (Serialized files now loaded: 0)
System memory in use before: 215.5 MB.
System memory in use after: 215.7 MB.

Unloading 8 unused Assets to reduce memory usage. Loaded Objects now: 3470.
Total: 3.422250 ms (FindLiveObjects: 0.565813 ms CreateObjectMapping: 0.295354 ms MarkObjects: 2.536806 ms  DeleteObjects: 0.022597 ms)

========================================================================
Received Import Request.
  Time since last request: 52.675760 seconds.
  path: Assets/Materials/Score.png
  artifactKey: Guid(77589a1a9f09c4a69aaeab0b7b8e38da) Importer(815301076,1909f56bfc062723c751e8b465ee728b)
Start importing Assets/Materials/Score.png using Guid(77589a1a9f09c4a69aaeab0b7b8e38da) Importer(815301076,1909f56bfc062723c751e8b465ee728b)  -> (artifact id: '1e6374fe9a2f70d6ca82c7fa55abe051') in 0.064654 seconds
  Import took 0.071129 seconds .

========================================================================
Received Import Request.
  Time since last request: 0.000257 seconds.
  path: Assets/Materials/Timer Purple.png
  artifactKey: Guid(2133afd05706842a690df1862ca3075b) Importer(815301076,1909f56bfc062723c751e8b465ee728b)
Start importing Assets/Materials/Timer Purple.png using Guid(2133afd05706842a690df1862ca3075b) Importer(815301076,1909f56bfc062723c751e8b465ee728b)  -> (artifact id: '733308cd00417d0013fab4c56b03fcd9') in 0.012810 seconds
  Import took 0.017785 seconds .

========================================================================
Received Import Request.
  Time since last request: 4.613230 seconds.
  path: Assets/Materials/Score Purple.png
  artifactKey: Guid(77589a1a9f09c4a69aaeab0b7b8e38da) Importer(815301076,1909f56bfc062723c751e8b465ee728b)
Start importing Assets/Materials/Score Purple.png using Guid(77589a1a9f09c4a69aaeab0b7b8e38da) Importer(815301076,1909f56bfc062723c751e8b465ee728b)  -> (artifact id: '2fff749dceb9732ba4654ec437a5a8c5') in 0.014504 seconds
  Import took 0.022957 seconds .

========================================================================
Received Import Request.
  Time since last request: 129.379274 seconds.
  path: Assets/Materials/Score blanc.png
  artifactKey: Guid(767f8d8c2c97641ab9ec09ae8e583cde) Importer(815301076,1909f56bfc062723c751e8b465ee728b)
Start importing Assets/Materials/Score blanc.png using Guid(767f8d8c2c97641ab9ec09ae8e583cde) Importer(815301076,1909f56bfc062723c751e8b465ee728b)  -> (artifact id: 'eff1d647abe9afdcec14be0e0444caa8') in 0.026563 seconds
  Import took 0.033856 seconds .

========================================================================
Received Import Request.
  Time since last request: 44.228682 seconds.
  path: Assets/Materials/Timer blanc.png
  artifactKey: Guid(bb821ebf3b11d463fba9d3f5ceabb13d) Importer(815301076,1909f56bfc062723c751e8b465ee728b)
Start importing Assets/Materials/Timer blanc.png using Guid(bb821ebf3b11d463fba9d3f5ceabb13d) Importer(815301076,1909f56bfc062723c751e8b465ee728b)  -> (artifact id: 'f28df7778233cbd177760d8fca8510b3') in 0.034492 seconds
  Import took 0.045570 seconds .

