Using pre-set license

 COMMAND LINE ARGUMENTS:
/Applications/Unity/Hub/Editor/2020.3.5f1/Unity.app/Contents/MacOS/Unity
-adb2
-batchMode
-noUpm
-name
AssetImportWorker0
-projectPath
/Users/cerendastanoglu/Documents/GitHub/Up-and-Down
-logFile
Logs/AssetImportWorker0.log
-srvPort
55469
Successfully changed project path to: /Users/cerendastanoglu/Documents/GitHub/Up-and-Down
/Users/cerendastanoglu/Documents/GitHub/Up-and-Down
Using Asset Import Pipeline V2.
Refreshing native plugins compatible for Editor in 46.78 ms, found 2 plugins.
Preloading 0 native plugins for Editor in 0.00 ms.
Initialize engine version: 2020.3.5f1 (8095aa901b9b)
[Subsystems] Discovering subsystems at path /Applications/Unity/Hub/Editor/2020.3.5f1/Unity.app/Contents/Resources/UnitySubsystems
[Subsystems] Discovering subsystems at path /Users/cerendastanoglu/Documents/GitHub/Up-and-Down/Assets
GfxDevice: creating device client; threaded=0
2021-06-15 16:29:53.091 Unity[11657:8565388] Color LCD preferred device: Intel(R) Iris(TM) Plus Graphics 640 (low power)
2021-06-15 16:29:53.092 Unity[11657:8565388] Metal devices available: 1
2021-06-15 16:29:53.092 Unity[11657:8565388] 0: Intel(R) Iris(TM) Plus Graphics 640 (low power)
2021-06-15 16:29:53.092 Unity[11657:8565388] Using device Intel(R) Iris(TM) Plus Graphics 640 (low power)
Initializing Metal device caps: Intel(R) Iris(TM) Plus Graphics 640
Initialize mono
Mono path[0] = '/Applications/Unity/Hub/Editor/2020.3.5f1/Unity.app/Contents/Managed'
Mono path[1] = '/Applications/Unity/Hub/Editor/2020.3.5f1/Unity.app/Contents/MonoBleedingEdge/lib/mono/unityjit'
Mono config path = '/Applications/Unity/Hub/Editor/2020.3.5f1/Unity.app/Contents/MonoBleedingEdge/etc'
Using monoOptions --debugger-agent=transport=dt_socket,embedding=1,server=y,suspend=n,address=127.0.0.1:56657
Begin MonoManager ReloadAssembly
Registering precompiled unity dll's ...
Register platform support module: /Applications/Unity/Hub/Editor/2020.3.5f1/PlaybackEngines/WebGLSupport/UnityEditor.WebGL.Extensions.dll
Register platform support module: /Applications/Unity/Hub/Editor/2020.3.5f1/Unity.app/Contents/PlaybackEngines/MacStandaloneSupport/UnityEditor.OSXStandalone.Extensions.dll
Registered in 0.000750 seconds.
Native extension for OSXStandalone target not found
Native extension for WebGL target not found
Refreshing native plugins compatible for Editor in 39.12 ms, found 2 plugins.
Preloading 0 native plugins for Editor in 0.00 ms.
Mono: successfully reloaded assembly
- Completed reload, in  2.625 seconds
Platform modules already initialized, skipping
Registering precompiled user dll's ...
Registered in 0.000614 seconds.
Begin MonoManager ReloadAssembly
Native extension for OSXStandalone target not found
Native extension for WebGL target not found
Refreshing native plugins compatible for Editor in 36.03 ms, found 2 plugins.
Preloading 0 native plugins for Editor in 0.00 ms.
Mono: successfully reloaded assembly
- Completed reload, in  1.298 seconds
Platform modules already initialized, skipping
========================================================================
Worker process is ready to serve import requests
Launching external process: /Applications/Unity/Hub/Editor/2020.3.5f1/Unity.app/Contents/Tools/UnityShaderCompiler
Launched and connected shader compiler UnityShaderCompiler after 0.02 seconds
Refreshing native plugins compatible for Editor in 0.62 ms, found 2 plugins.
Preloading 0 native plugins for Editor in 0.00 ms.
Unloading 1812 Unused Serialized files (Serialized files now loaded: 0)
System memory in use before: 144.0 MB.
System memory in use after: 144.0 MB.

Unloading 19 unused Assets to reduce memory usage. Loaded Objects now: 2260.
Total: 3.419326 ms (FindLiveObjects: 0.345914 ms CreateObjectMapping: 0.131250 ms MarkObjects: 2.831099 ms  DeleteObjects: 0.108900 ms)

========================================================================
Received Import Request.
  path: Assets/Scripts/S.cs
  artifactKey: Guid(be13f48552a0840eba38d5d9ae32ccfa) Importer(815301076,1909f56bfc062723c751e8b465ee728b)
Start importing Assets/Scripts/S.cs using Guid(be13f48552a0840eba38d5d9ae32ccfa) Importer(815301076,1909f56bfc062723c751e8b465ee728b)  -> (artifact id: '144efe5f883e5c91aea756d748b1cf29') in 0.670658 seconds
  Import took 0.686685 seconds .

========================================================================
Received Import Request.
  Time since last request: 27.891098 seconds.
  path: Assets/Scripts/Start.cs
  artifactKey: Guid(be13f48552a0840eba38d5d9ae32ccfa) Importer(815301076,1909f56bfc062723c751e8b465ee728b)
Start importing Assets/Scripts/Start.cs using Guid(be13f48552a0840eba38d5d9ae32ccfa) Importer(815301076,1909f56bfc062723c751e8b465ee728b)  -> (artifact id: 'da80edfde3d626c0e099c35b99ab67f4') in 0.003303 seconds
  Import took 0.009756 seconds .

========================================================================
Received Prepare
Registering precompiled user dll's ...
Registered in 0.000885 seconds.
Begin MonoManager ReloadAssembly
Native extension for OSXStandalone target not found
Native extension for WebGL target not found
Refreshing native plugins compatible for Editor in 0.51 ms, found 2 plugins.
Preloading 0 native plugins for Editor in 0.00 ms.
Mono: successfully reloaded assembly
- Completed reload, in  1.111 seconds
Platform modules already initialized, skipping
Refreshing native plugins compatible for Editor in 0.47 ms, found 2 plugins.
Preloading 0 native plugins for Editor in 0.00 ms.
Unloading 1802 Unused Serialized files (Serialized files now loaded: 0)
System memory in use before: 147.9 MB.
System memory in use after: 148.0 MB.

Unloading 7 unused Assets to reduce memory usage. Loaded Objects now: 2264.
Total: 2.741649 ms (FindLiveObjects: 0.464567 ms CreateObjectMapping: 0.127306 ms MarkObjects: 2.126611 ms  DeleteObjects: 0.021094 ms)

========================================================================
Received Import Request.
  Time since last request: 108.427565 seconds.
  path: Assets/Scripts/Start.cs
  artifactKey: Guid(be13f48552a0840eba38d5d9ae32ccfa) Importer(815301076,1909f56bfc062723c751e8b465ee728b)
Start importing Assets/Scripts/Start.cs using Guid(be13f48552a0840eba38d5d9ae32ccfa) Importer(815301076,1909f56bfc062723c751e8b465ee728b)  -> (artifact id: '3790b15e08905d47e45fb140c31e1f46') in 0.011601 seconds
  Import took 0.021101 seconds .

========================================================================
Received Import Request.
  Time since last request: 307.834644 seconds.
  path: Assets/Scenes/2.unity
  artifactKey: Guid(e5d2b23de7a8847f4b2a818f9df568e4) Importer(815301076,1909f56bfc062723c751e8b465ee728b)
Start importing Assets/Scenes/2.unity using Guid(e5d2b23de7a8847f4b2a818f9df568e4) Importer(815301076,1909f56bfc062723c751e8b465ee728b)  -> (artifact id: '25f5a7a8f8d148b98cb7601e7012ca19') in 0.021292 seconds
  Import took 0.027396 seconds .

========================================================================
Received Prepare
Registering precompiled user dll's ...
Registered in 0.001326 seconds.
Begin MonoManager ReloadAssembly
Native extension for OSXStandalone target not found
Native extension for WebGL target not found
Refreshing native plugins compatible for Editor in 0.39 ms, found 2 plugins.
Preloading 0 native plugins for Editor in 0.00 ms.
Mono: successfully reloaded assembly
- Completed reload, in  1.084 seconds
Platform modules already initialized, skipping
Refreshing native plugins compatible for Editor in 0.40 ms, found 2 plugins.
Preloading 0 native plugins for Editor in 0.00 ms.
Unloading 1802 Unused Serialized files (Serialized files now loaded: 0)
System memory in use before: 148.2 MB.
System memory in use after: 148.3 MB.

Unloading 7 unused Assets to reduce memory usage. Loaded Objects now: 2268.
Total: 2.872571 ms (FindLiveObjects: 0.408821 ms CreateObjectMapping: 0.135563 ms MarkObjects: 2.299422 ms  DeleteObjects: 0.024849 ms)

========================================================================
Received Import Request.
  Time since last request: 227.430447 seconds.
  path: Assets/Scripts/Start.cs
  artifactKey: Guid(be13f48552a0840eba38d5d9ae32ccfa) Importer(815301076,1909f56bfc062723c751e8b465ee728b)
Start importing Assets/Scripts/Start.cs using Guid(be13f48552a0840eba38d5d9ae32ccfa) Importer(815301076,1909f56bfc062723c751e8b465ee728b)  -> (artifact id: '5d7ab85b4bd88c69b066779c8a4f65a0') in 0.005929 seconds
  Import took 0.011800 seconds .

========================================================================
Received Import Request.
  Time since last request: 77.437925 seconds.
  path: Assets/opening screen.png
  artifactKey: Guid(2b5126f35d78947e6916edbac95f961b) Importer(815301076,1909f56bfc062723c751e8b465ee728b)
Start importing Assets/opening screen.png using Guid(2b5126f35d78947e6916edbac95f961b) Importer(815301076,1909f56bfc062723c751e8b465ee728b)  -> (artifact id: '81416de0364b3a8f28574f327ca94937') in 1.467106 seconds
  Import took 1.478144 seconds .

========================================================================
Received Prepare
Registering precompiled user dll's ...
Registered in 0.002041 seconds.
Begin MonoManager ReloadAssembly
Native extension for OSXStandalone target not found
Native extension for WebGL target not found
Refreshing native plugins compatible for Editor in 0.65 ms, found 2 plugins.
Preloading 0 native plugins for Editor in 0.00 ms.
Mono: successfully reloaded assembly
- Completed reload, in  1.217 seconds
Platform modules already initialized, skipping
Refreshing native plugins compatible for Editor in 0.43 ms, found 2 plugins.
Preloading 0 native plugins for Editor in 0.00 ms.
Unloading 1802 Unused Serialized files (Serialized files now loaded: 0)
System memory in use before: 156.0 MB.
System memory in use after: 156.1 MB.

Unloading 7 unused Assets to reduce memory usage. Loaded Objects now: 2278.
Total: 2.432512 ms (FindLiveObjects: 0.317527 ms CreateObjectMapping: 0.115117 ms MarkObjects: 1.978097 ms  DeleteObjects: 0.019815 ms)

========================================================================
Received Prepare
Registering precompiled user dll's ...
Registered in 0.000729 seconds.
Begin MonoManager ReloadAssembly
Native extension for OSXStandalone target not found
Native extension for WebGL target not found
Refreshing native plugins compatible for Editor in 0.37 ms, found 2 plugins.
Preloading 0 native plugins for Editor in 0.00 ms.
Mono: successfully reloaded assembly
- Completed reload, in  1.308 seconds
Platform modules already initialized, skipping
Refreshing native plugins compatible for Editor in 0.44 ms, found 2 plugins.
Preloading 0 native plugins for Editor in 0.00 ms.
Unloading 1802 Unused Serialized files (Serialized files now loaded: 0)
System memory in use before: 156.2 MB.
System memory in use after: 156.3 MB.

Unloading 7 unused Assets to reduce memory usage. Loaded Objects now: 2282.
Total: 2.942458 ms (FindLiveObjects: 0.590404 ms CreateObjectMapping: 0.175729 ms MarkObjects: 2.152994 ms  DeleteObjects: 0.020571 ms)

========================================================================
Received Prepare
Registering precompiled user dll's ...
Registered in 0.003028 seconds.
Begin MonoManager ReloadAssembly
Native extension for OSXStandalone target not found
Native extension for WebGL target not found
Refreshing native plugins compatible for Editor in 0.43 ms, found 2 plugins.
Preloading 0 native plugins for Editor in 0.00 ms.
Mono: successfully reloaded assembly
- Completed reload, in  1.312 seconds
Platform modules already initialized, skipping
Refreshing native plugins compatible for Editor in 0.43 ms, found 2 plugins.
Preloading 0 native plugins for Editor in 0.00 ms.
Unloading 1802 Unused Serialized files (Serialized files now loaded: 0)
System memory in use before: 156.4 MB.
System memory in use after: 156.5 MB.

Unloading 7 unused Assets to reduce memory usage. Loaded Objects now: 2286.
Total: 2.172554 ms (FindLiveObjects: 0.296600 ms CreateObjectMapping: 0.075420 ms MarkObjects: 1.771725 ms  DeleteObjects: 0.027852 ms)

========================================================================
Received Import Request.
  Time since last request: 596.769229 seconds.
  path: Assets/Scenes/Level1.unity
  artifactKey: Guid(2cda990e2423bbf4892e6590ba056729) Importer(815301076,1909f56bfc062723c751e8b465ee728b)
Start importing Assets/Scenes/Level1.unity using Guid(2cda990e2423bbf4892e6590ba056729) Importer(815301076,1909f56bfc062723c751e8b465ee728b)  -> (artifact id: '98b046d90e205663d429630f3ea7cbd2') in 0.022470 seconds
  Import took 0.034754 seconds .

========================================================================
Received Import Request.
  Time since last request: 6.137915 seconds.
  path: Assets/Scenes/Level2.unity
  artifactKey: Guid(e5d2b23de7a8847f4b2a818f9df568e4) Importer(815301076,1909f56bfc062723c751e8b465ee728b)
Start importing Assets/Scenes/Level2.unity using Guid(e5d2b23de7a8847f4b2a818f9df568e4) Importer(815301076,1909f56bfc062723c751e8b465ee728b)  -> (artifact id: '6c8ec9bc3b6cbd41f645bdb471eb4969') in 0.003202 seconds
  Import took 0.019418 seconds .

========================================================================
Received Import Request.
  Time since last request: 4.583419 seconds.
  path: Assets/Scenes/Level3.unity
  artifactKey: Guid(1ee3373e8784042bd89e55b3352f6bbb) Importer(815301076,1909f56bfc062723c751e8b465ee728b)
Start importing Assets/Scenes/Level3.unity using Guid(1ee3373e8784042bd89e55b3352f6bbb) Importer(815301076,1909f56bfc062723c751e8b465ee728b)  -> (artifact id: 'acafdd0b0bb739d0617c77f2855f34eb') in 0.002902 seconds
  Import took 0.013576 seconds .

========================================================================
Received Import Request.
  Time since last request: 5.366924 seconds.
  path: Assets/Scenes/Level4.unity
  artifactKey: Guid(e5837bcf39aaa4a8aafedc84848b9509) Importer(815301076,1909f56bfc062723c751e8b465ee728b)
Start importing Assets/Scenes/Level4.unity using Guid(e5837bcf39aaa4a8aafedc84848b9509) Importer(815301076,1909f56bfc062723c751e8b465ee728b)  -> (artifact id: '1a2f4f787bc61ce31f671ec632e6487b') in 0.003757 seconds
  Import took 0.014894 seconds .

========================================================================
Received Import Request.
  Time since last request: 3.623142 seconds.
  path: Assets/Scenes/Start.unity
  artifactKey: Guid(aa290d3b8d86146d88e0badef4dc04cd) Importer(815301076,1909f56bfc062723c751e8b465ee728b)
Start importing Assets/Scenes/Start.unity using Guid(aa290d3b8d86146d88e0badef4dc04cd) Importer(815301076,1909f56bfc062723c751e8b465ee728b)  -> (artifact id: '20b52e65ca84be90fe1f7b0fba2b6093') in 0.003961 seconds
  Import took 0.011373 seconds .

========================================================================
Received Prepare
Registering precompiled user dll's ...
Registered in 0.001962 seconds.
Begin MonoManager ReloadAssembly
Native extension for OSXStandalone target not found
Native extension for WebGL target not found
Refreshing native plugins compatible for Editor in 0.43 ms, found 2 plugins.
Preloading 0 native plugins for Editor in 0.00 ms.
Mono: successfully reloaded assembly
- Completed reload, in  1.292 seconds
Platform modules already initialized, skipping
Refreshing native plugins compatible for Editor in 0.40 ms, found 2 plugins.
Preloading 0 native plugins for Editor in 0.00 ms.
Unloading 1802 Unused Serialized files (Serialized files now loaded: 0)
System memory in use before: 156.6 MB.
System memory in use after: 156.7 MB.

Unloading 7 unused Assets to reduce memory usage. Loaded Objects now: 2290.
Total: 2.386891 ms (FindLiveObjects: 0.315344 ms CreateObjectMapping: 0.088127 ms MarkObjects: 1.964114 ms  DeleteObjects: 0.017934 ms)

========================================================================
Received Import Request.
  Time since last request: 178.681080 seconds.
  path: Assets/Scripts/ChangeScene.cs
  artifactKey: Guid(be13f48552a0840eba38d5d9ae32ccfa) Importer(815301076,1909f56bfc062723c751e8b465ee728b)
Start importing Assets/Scripts/ChangeScene.cs using Guid(be13f48552a0840eba38d5d9ae32ccfa) Importer(815301076,1909f56bfc062723c751e8b465ee728b)  -> (artifact id: '23cadaf24b83bd4d11c39ac2a0bfd382') in 0.020703 seconds
  Import took 0.029930 seconds .

========================================================================
Received Import Request.
  Time since last request: 0.136560 seconds.
  path: Assets/Scripts/ChangeScene.cs
  artifactKey: Guid(be13f48552a0840eba38d5d9ae32ccfa) Importer(815301076,1909f56bfc062723c751e8b465ee728b)
Start importing Assets/Scripts/ChangeScene.cs using Guid(be13f48552a0840eba38d5d9ae32ccfa) Importer(815301076,1909f56bfc062723c751e8b465ee728b)  -> (artifact id: '23cadaf24b83bd4d11c39ac2a0bfd382') in 0.003025 seconds
  Import took 0.011227 seconds .

========================================================================
Received Prepare
Registering precompiled user dll's ...
Registered in 0.000627 seconds.
Begin MonoManager ReloadAssembly
Native extension for OSXStandalone target not found
Native extension for WebGL target not found
Refreshing native plugins compatible for Editor in 0.39 ms, found 2 plugins.
Preloading 0 native plugins for Editor in 0.00 ms.
Mono: successfully reloaded assembly
- Completed reload, in  1.120 seconds
Platform modules already initialized, skipping
Refreshing native plugins compatible for Editor in 0.36 ms, found 2 plugins.
Preloading 0 native plugins for Editor in 0.00 ms.
Unloading 1802 Unused Serialized files (Serialized files now loaded: 0)
System memory in use before: 156.8 MB.
System memory in use after: 156.9 MB.

Unloading 7 unused Assets to reduce memory usage. Loaded Objects now: 2294.
Total: 2.802735 ms (FindLiveObjects: 0.453726 ms CreateObjectMapping: 0.151005 ms MarkObjects: 2.176651 ms  DeleteObjects: 0.019008 ms)

========================================================================
Received Prepare
Registering precompiled user dll's ...
Registered in 0.001352 seconds.
Begin MonoManager ReloadAssembly
Native extension for OSXStandalone target not found
Native extension for WebGL target not found
Refreshing native plugins compatible for Editor in 0.39 ms, found 2 plugins.
Preloading 0 native plugins for Editor in 0.00 ms.
Mono: successfully reloaded assembly
- Completed reload, in  1.127 seconds
Platform modules already initialized, skipping
Refreshing native plugins compatible for Editor in 0.58 ms, found 2 plugins.
Preloading 0 native plugins for Editor in 0.00 ms.
Unloading 1802 Unused Serialized files (Serialized files now loaded: 0)
System memory in use before: 157.0 MB.
System memory in use after: 157.1 MB.

Unloading 7 unused Assets to reduce memory usage. Loaded Objects now: 2298.
Total: 4.768789 ms (FindLiveObjects: 0.442740 ms CreateObjectMapping: 0.159828 ms MarkObjects: 4.106971 ms  DeleteObjects: 0.055719 ms)

========================================================================
Received Import Request.
  Time since last request: 32.729617 seconds.
  path: Assets/Scripts/ChangeScene.cs
  artifactKey: Guid(be13f48552a0840eba38d5d9ae32ccfa) Importer(815301076,1909f56bfc062723c751e8b465ee728b)
Start importing Assets/Scripts/ChangeScene.cs using Guid(be13f48552a0840eba38d5d9ae32ccfa) Importer(815301076,1909f56bfc062723c751e8b465ee728b)  -> (artifact id: '1775bbbd945d0706c5c3eff412247405') in 0.006634 seconds
  Import took 0.012640 seconds .

========================================================================
Received Prepare
Registering precompiled user dll's ...
Registered in 0.001085 seconds.
Begin MonoManager ReloadAssembly
Native extension for OSXStandalone target not found
Native extension for WebGL target not found
Refreshing native plugins compatible for Editor in 0.42 ms, found 2 plugins.
Preloading 0 native plugins for Editor in 0.00 ms.
Mono: successfully reloaded assembly
- Completed reload, in  1.281 seconds
Platform modules already initialized, skipping
Refreshing native plugins compatible for Editor in 0.73 ms, found 2 plugins.
Preloading 0 native plugins for Editor in 0.00 ms.
Unloading 1802 Unused Serialized files (Serialized files now loaded: 0)
System memory in use before: 157.2 MB.
System memory in use after: 157.3 MB.

Unloading 7 unused Assets to reduce memory usage. Loaded Objects now: 2302.
Total: 2.540202 ms (FindLiveObjects: 0.364649 ms CreateObjectMapping: 0.103126 ms MarkObjects: 2.032391 ms  DeleteObjects: 0.037243 ms)

========================================================================
Received Prepare
Registering precompiled user dll's ...
Registered in 0.000963 seconds.
Begin MonoManager ReloadAssembly
Native extension for OSXStandalone target not found
Native extension for WebGL target not found
Refreshing native plugins compatible for Editor in 0.38 ms, found 2 plugins.
Preloading 0 native plugins for Editor in 0.00 ms.
Mono: successfully reloaded assembly
- Completed reload, in  1.152 seconds
Platform modules already initialized, skipping
Refreshing native plugins compatible for Editor in 0.40 ms, found 2 plugins.
Preloading 0 native plugins for Editor in 0.00 ms.
Unloading 1802 Unused Serialized files (Serialized files now loaded: 0)
System memory in use before: 157.4 MB.
System memory in use after: 157.5 MB.

Unloading 7 unused Assets to reduce memory usage. Loaded Objects now: 2306.
Total: 2.216697 ms (FindLiveObjects: 0.255316 ms CreateObjectMapping: 0.102233 ms MarkObjects: 1.841254 ms  DeleteObjects: 0.016838 ms)

========================================================================
Received Prepare
Registering precompiled user dll's ...
Registered in 0.000554 seconds.
Begin MonoManager ReloadAssembly
Native extension for OSXStandalone target not found
Native extension for WebGL target not found
Refreshing native plugins compatible for Editor in 0.39 ms, found 2 plugins.
Preloading 0 native plugins for Editor in 0.00 ms.
Mono: successfully reloaded assembly
- Completed reload, in  1.232 seconds
Platform modules already initialized, skipping
Refreshing native plugins compatible for Editor in 0.31 ms, found 2 plugins.
Preloading 0 native plugins for Editor in 0.00 ms.
Unloading 1802 Unused Serialized files (Serialized files now loaded: 0)
System memory in use before: 157.6 MB.
System memory in use after: 157.7 MB.

Unloading 7 unused Assets to reduce memory usage. Loaded Objects now: 2310.
Total: 2.361356 ms (FindLiveObjects: 0.309522 ms CreateObjectMapping: 0.095328 ms MarkObjects: 1.936786 ms  DeleteObjects: 0.016610 ms)

========================================================================
Received Prepare
Registering precompiled user dll's ...
Registered in 0.001317 seconds.
Begin MonoManager ReloadAssembly
Native extension for OSXStandalone target not found
Native extension for WebGL target not found
Refreshing native plugins compatible for Editor in 0.39 ms, found 2 plugins.
Preloading 0 native plugins for Editor in 0.00 ms.
Mono: successfully reloaded assembly
- Completed reload, in  1.124 seconds
Platform modules already initialized, skipping
Refreshing native plugins compatible for Editor in 0.34 ms, found 2 plugins.
Preloading 0 native plugins for Editor in 0.00 ms.
Unloading 1802 Unused Serialized files (Serialized files now loaded: 0)
System memory in use before: 157.8 MB.
System memory in use after: 157.9 MB.

Unloading 7 unused Assets to reduce memory usage. Loaded Objects now: 2314.
Total: 2.007622 ms (FindLiveObjects: 0.226595 ms CreateObjectMapping: 0.059473 ms MarkObjects: 1.704030 ms  DeleteObjects: 0.016727 ms)

========================================================================
Received Prepare
Registering precompiled user dll's ...
Registered in 0.002830 seconds.
Begin MonoManager ReloadAssembly
Native extension for OSXStandalone target not found
Native extension for WebGL target not found
Refreshing native plugins compatible for Editor in 0.39 ms, found 2 plugins.
Preloading 0 native plugins for Editor in 0.00 ms.
Mono: successfully reloaded assembly
- Completed reload, in  1.281 seconds
Platform modules already initialized, skipping
Refreshing native plugins compatible for Editor in 0.39 ms, found 2 plugins.
Preloading 0 native plugins for Editor in 0.00 ms.
Unloading 1802 Unused Serialized files (Serialized files now loaded: 0)
System memory in use before: 158.0 MB.
System memory in use after: 158.1 MB.

Unloading 7 unused Assets to reduce memory usage. Loaded Objects now: 2318.
Total: 2.097288 ms (FindLiveObjects: 0.254142 ms CreateObjectMapping: 0.068208 ms MarkObjects: 1.758393 ms  DeleteObjects: 0.015887 ms)

========================================================================
Received Import Request.
  Time since last request: 668.387827 seconds.
  path: Assets/Scenes/Start.unity
  artifactKey: Guid(aa290d3b8d86146d88e0badef4dc04cd) Importer(815301076,1909f56bfc062723c751e8b465ee728b)
Start importing Assets/Scenes/Start.unity using Guid(aa290d3b8d86146d88e0badef4dc04cd) Importer(815301076,1909f56bfc062723c751e8b465ee728b)  -> (artifact id: 'e14f52361b6e1752b5ed8b48e11d58c2') in 0.021932 seconds
  Import took 0.034915 seconds .

========================================================================
Received Import Request.
  Time since last request: 14.398590 seconds.
  path: Assets/Scenes/Begin.unity
  artifactKey: Guid(eb8e72f641cbb4b6e90439d9732e766a) Importer(815301076,1909f56bfc062723c751e8b465ee728b)
Start importing Assets/Scenes/Begin.unity using Guid(eb8e72f641cbb4b6e90439d9732e766a) Importer(815301076,1909f56bfc062723c751e8b465ee728b)  -> (artifact id: '303b085469be8cf238c7317977f193c3') in 0.005833 seconds
  Import took 0.017071 seconds .

========================================================================
Received Import Request.
  Time since last request: 101.154457 seconds.
  path: Assets/Scenes
  artifactKey: Guid(8aa2ba4e4575745339981eaad2313f77) Importer(815301076,1909f56bfc062723c751e8b465ee728b)
Start importing Assets/Scenes using Guid(8aa2ba4e4575745339981eaad2313f77) Importer(815301076,1909f56bfc062723c751e8b465ee728b)  -> (artifact id: 'b776e80e09d0160391a8b840b596efb7') in 0.002419 seconds
  Import took 0.009524 seconds .

========================================================================
Received Prepare
Registering precompiled user dll's ...
Registered in 0.002843 seconds.
Begin MonoManager ReloadAssembly
Native extension for OSXStandalone target not found
Native extension for WebGL target not found
Refreshing native plugins compatible for Editor in 0.39 ms, found 2 plugins.
Preloading 0 native plugins for Editor in 0.00 ms.
Mono: successfully reloaded assembly
- Completed reload, in  1.311 seconds
Platform modules already initialized, skipping
Refreshing native plugins compatible for Editor in 0.39 ms, found 2 plugins.
Preloading 0 native plugins for Editor in 0.00 ms.
Unloading 1802 Unused Serialized files (Serialized files now loaded: 0)
System memory in use before: 158.2 MB.
System memory in use after: 158.4 MB.

Unloading 7 unused Assets to reduce memory usage. Loaded Objects now: 2322.
Total: 3.622971 ms (FindLiveObjects: 0.457307 ms CreateObjectMapping: 0.128722 ms MarkObjects: 2.989331 ms  DeleteObjects: 0.045260 ms)

========================================================================
Received Prepare
Registering precompiled user dll's ...
Registered in 0.001550 seconds.
Begin MonoManager ReloadAssembly
Native extension for OSXStandalone target not found
Native extension for WebGL target not found
Refreshing native plugins compatible for Editor in 0.56 ms, found 2 plugins.
Preloading 0 native plugins for Editor in 0.00 ms.
Mono: successfully reloaded assembly
- Completed reload, in  1.101 seconds
Platform modules already initialized, skipping
Refreshing native plugins compatible for Editor in 0.95 ms, found 2 plugins.
Preloading 0 native plugins for Editor in 0.00 ms.
Unloading 1802 Unused Serialized files (Serialized files now loaded: 0)
System memory in use before: 158.5 MB.
System memory in use after: 158.5 MB.

Unloading 7 unused Assets to reduce memory usage. Loaded Objects now: 2326.
Total: 3.569024 ms (FindLiveObjects: 0.507200 ms CreateObjectMapping: 0.114653 ms MarkObjects: 2.913680 ms  DeleteObjects: 0.031799 ms)

========================================================================
Received Prepare
Registering precompiled user dll's ...
Registered in 0.000933 seconds.
Begin MonoManager ReloadAssembly
Native extension for OSXStandalone target not found
Native extension for WebGL target not found
Refreshing native plugins compatible for Editor in 0.42 ms, found 2 plugins.
Preloading 0 native plugins for Editor in 0.00 ms.
Mono: successfully reloaded assembly
- Completed reload, in  1.338 seconds
Platform modules already initialized, skipping
Refreshing native plugins compatible for Editor in 0.42 ms, found 2 plugins.
Preloading 0 native plugins for Editor in 0.00 ms.
Unloading 1802 Unused Serialized files (Serialized files now loaded: 0)
System memory in use before: 158.7 MB.
System memory in use after: 158.7 MB.

Unloading 7 unused Assets to reduce memory usage. Loaded Objects now: 2330.
Total: 3.989944 ms (FindLiveObjects: 0.291090 ms CreateObjectMapping: 0.072881 ms MarkObjects: 3.537132 ms  DeleteObjects: 0.086692 ms)

========================================================================
Received Prepare
Registering precompiled user dll's ...
Registered in 0.000626 seconds.
Begin MonoManager ReloadAssembly
Native extension for OSXStandalone target not found
Native extension for WebGL target not found
Refreshing native plugins compatible for Editor in 0.44 ms, found 2 plugins.
Preloading 0 native plugins for Editor in 0.00 ms.
Mono: successfully reloaded assembly
- Completed reload, in  1.132 seconds
Platform modules already initialized, skipping
Refreshing native plugins compatible for Editor in 0.45 ms, found 2 plugins.
Preloading 0 native plugins for Editor in 0.00 ms.
Unloading 1802 Unused Serialized files (Serialized files now loaded: 0)
System memory in use before: 158.9 MB.
System memory in use after: 159.0 MB.

Unloading 7 unused Assets to reduce memory usage. Loaded Objects now: 2334.
Total: 3.693623 ms (FindLiveObjects: 0.678532 ms CreateObjectMapping: 0.350697 ms MarkObjects: 2.626554 ms  DeleteObjects: 0.034352 ms)

========================================================================
Received Prepare
Registering precompiled user dll's ...
Registered in 0.002828 seconds.
Begin MonoManager ReloadAssembly
Native extension for OSXStandalone target not found
Native extension for WebGL target not found
Refreshing native plugins compatible for Editor in 0.40 ms, found 2 plugins.
Preloading 0 native plugins for Editor in 0.00 ms.
Mono: successfully reloaded assembly
- Completed reload, in  1.438 seconds
Platform modules already initialized, skipping
Refreshing native plugins compatible for Editor in 0.69 ms, found 2 plugins.
Preloading 0 native plugins for Editor in 0.00 ms.
Unloading 1802 Unused Serialized files (Serialized files now loaded: 0)
System memory in use before: 159.1 MB.
System memory in use after: 159.1 MB.

Unloading 7 unused Assets to reduce memory usage. Loaded Objects now: 2338.
Total: 2.480090 ms (FindLiveObjects: 0.313052 ms CreateObjectMapping: 0.079403 ms MarkObjects: 2.047925 ms  DeleteObjects: 0.038004 ms)

========================================================================
Received Prepare
Registering precompiled user dll's ...
Registered in 0.000634 seconds.
Begin MonoManager ReloadAssembly
Native extension for OSXStandalone target not found
Native extension for WebGL target not found
Refreshing native plugins compatible for Editor in 0.39 ms, found 2 plugins.
Preloading 0 native plugins for Editor in 0.00 ms.
Mono: successfully reloaded assembly
- Completed reload, in  1.108 seconds
Platform modules already initialized, skipping
Refreshing native plugins compatible for Editor in 0.46 ms, found 2 plugins.
Preloading 0 native plugins for Editor in 0.00 ms.
Unloading 1802 Unused Serialized files (Serialized files now loaded: 0)
System memory in use before: 159.2 MB.
System memory in use after: 159.3 MB.

Unloading 7 unused Assets to reduce memory usage. Loaded Objects now: 2342.
Total: 4.131629 ms (FindLiveObjects: 0.590392 ms CreateObjectMapping: 0.252275 ms MarkObjects: 3.251445 ms  DeleteObjects: 0.036213 ms)

========================================================================
Received Prepare
Registering precompiled user dll's ...
Registered in 0.001797 seconds.
Begin MonoManager ReloadAssembly
Native extension for OSXStandalone target not found
Native extension for WebGL target not found
Refreshing native plugins compatible for Editor in 0.40 ms, found 2 plugins.
Preloading 0 native plugins for Editor in 0.00 ms.
Mono: successfully reloaded assembly
- Completed reload, in  1.130 seconds
Platform modules already initialized, skipping
Refreshing native plugins compatible for Editor in 0.44 ms, found 2 plugins.
Preloading 0 native plugins for Editor in 0.00 ms.
Unloading 1802 Unused Serialized files (Serialized files now loaded: 0)
System memory in use before: 159.5 MB.
System memory in use after: 159.5 MB.

Unloading 7 unused Assets to reduce memory usage. Loaded Objects now: 2346.
Total: 2.404628 ms (FindLiveObjects: 0.353099 ms CreateObjectMapping: 0.077830 ms MarkObjects: 1.951373 ms  DeleteObjects: 0.020931 ms)

========================================================================
Received Prepare
Registering precompiled user dll's ...
Registered in 0.001324 seconds.
Begin MonoManager ReloadAssembly
Native extension for OSXStandalone target not found
Native extension for WebGL target not found
Refreshing native plugins compatible for Editor in 0.50 ms, found 2 plugins.
Preloading 0 native plugins for Editor in 0.00 ms.
Mono: successfully reloaded assembly
- Completed reload, in  1.069 seconds
Platform modules already initialized, skipping
Refreshing native plugins compatible for Editor in 0.32 ms, found 2 plugins.
Preloading 0 native plugins for Editor in 0.00 ms.
Unloading 1802 Unused Serialized files (Serialized files now loaded: 0)
System memory in use before: 159.7 MB.
System memory in use after: 159.8 MB.

Unloading 7 unused Assets to reduce memory usage. Loaded Objects now: 2350.
Total: 2.172471 ms (FindLiveObjects: 0.327560 ms CreateObjectMapping: 0.080504 ms MarkObjects: 1.733253 ms  DeleteObjects: 0.030039 ms)

========================================================================
Received Prepare
Registering precompiled user dll's ...
Registered in 0.000637 seconds.
Begin MonoManager ReloadAssembly
Native extension for OSXStandalone target not found
Native extension for WebGL target not found
Refreshing native plugins compatible for Editor in 0.39 ms, found 2 plugins.
Preloading 0 native plugins for Editor in 0.00 ms.
Mono: successfully reloaded assembly
- Completed reload, in  1.118 seconds
Platform modules already initialized, skipping
Refreshing native plugins compatible for Editor in 0.38 ms, found 2 plugins.
Preloading 0 native plugins for Editor in 0.00 ms.
Unloading 1802 Unused Serialized files (Serialized files now loaded: 0)
System memory in use before: 159.9 MB.
System memory in use after: 160.0 MB.

Unloading 7 unused Assets to reduce memory usage. Loaded Objects now: 2354.
Total: 3.453011 ms (FindLiveObjects: 0.350806 ms CreateObjectMapping: 0.143987 ms MarkObjects: 2.918808 ms  DeleteObjects: 0.037976 ms)

========================================================================
Received Prepare
Registering precompiled user dll's ...
Registered in 0.002744 seconds.
Begin MonoManager ReloadAssembly
Native extension for OSXStandalone target not found
Native extension for WebGL target not found
Refreshing native plugins compatible for Editor in 0.71 ms, found 2 plugins.
Preloading 0 native plugins for Editor in 0.00 ms.
Mono: successfully reloaded assembly
- Completed reload, in  1.930 seconds
Platform modules already initialized, skipping
Refreshing native plugins compatible for Editor in 0.44 ms, found 2 plugins.
Preloading 0 native plugins for Editor in 0.00 ms.
Unloading 1802 Unused Serialized files (Serialized files now loaded: 0)
System memory in use before: 160.1 MB.
System memory in use after: 160.2 MB.

Unloading 7 unused Assets to reduce memory usage. Loaded Objects now: 2358.
Total: 5.761434 ms (FindLiveObjects: 0.441871 ms CreateObjectMapping: 0.118729 ms MarkObjects: 4.209600 ms  DeleteObjects: 0.989104 ms)

========================================================================
Received Import Request.
  Time since last request: 19595.702647 seconds.
  path: Assets/Scripts/GameManager.cs
  artifactKey: Guid(e68d6c495730a4bbd8f0839f39e54f98) Importer(815301076,1909f56bfc062723c751e8b465ee728b)
Start importing Assets/Scripts/GameManager.cs using Guid(e68d6c495730a4bbd8f0839f39e54f98) Importer(815301076,1909f56bfc062723c751e8b465ee728b)  -> (artifact id: '910972ef726d030f4bcbe6853c20aa08') in 0.128852 seconds
  Import took 0.159167 seconds .

========================================================================
Received Import Request.
  Time since last request: 144.793957 seconds.
  path: Assets/Scripts/GameManager.cs
  artifactKey: Guid(e68d6c495730a4bbd8f0839f39e54f98) Importer(815301076,1909f56bfc062723c751e8b465ee728b)
Start importing Assets/Scripts/GameManager.cs using Guid(e68d6c495730a4bbd8f0839f39e54f98) Importer(815301076,1909f56bfc062723c751e8b465ee728b)  -> (artifact id: '9067522c8e58006c2d288b0cdabb283d') in 0.002142 seconds
  Import took 0.008926 seconds .

========================================================================
Received Import Request.
  Time since last request: 616.346426 seconds.
  path: Assets/Scenes/Level1.unity
  artifactKey: Guid(2cda990e2423bbf4892e6590ba056729) Importer(815301076,1909f56bfc062723c751e8b465ee728b)
Start importing Assets/Scenes/Level1.unity using Guid(2cda990e2423bbf4892e6590ba056729) Importer(815301076,1909f56bfc062723c751e8b465ee728b)  -> (artifact id: '3767146830687708eb47af94b5d7e053') in 0.052205 seconds
  Import took 0.056447 seconds .

========================================================================
Received Prepare
Registering precompiled user dll's ...
Registered in 0.000646 seconds.
Begin MonoManager ReloadAssembly
Native extension for OSXStandalone target not found
Native extension for WebGL target not found
Refreshing native plugins compatible for Editor in 0.44 ms, found 2 plugins.
Preloading 0 native plugins for Editor in 0.00 ms.
Mono: successfully reloaded assembly
- Completed reload, in  1.329 seconds
Platform modules already initialized, skipping
Refreshing native plugins compatible for Editor in 0.56 ms, found 2 plugins.
Preloading 0 native plugins for Editor in 0.00 ms.
Unloading 1802 Unused Serialized files (Serialized files now loaded: 0)
System memory in use before: 160.4 MB.
System memory in use after: 160.5 MB.

Unloading 7 unused Assets to reduce memory usage. Loaded Objects now: 2362.
Total: 2.844597 ms (FindLiveObjects: 0.375768 ms CreateObjectMapping: 0.098321 ms MarkObjects: 2.347008 ms  DeleteObjects: 0.021378 ms)

========================================================================
Received Prepare
Registering precompiled user dll's ...
Registered in 0.000640 seconds.
Begin MonoManager ReloadAssembly
Native extension for OSXStandalone target not found
Native extension for WebGL target not found
Refreshing native plugins compatible for Editor in 0.35 ms, found 2 plugins.
Preloading 0 native plugins for Editor in 0.00 ms.
Mono: successfully reloaded assembly
- Completed reload, in  1.099 seconds
Platform modules already initialized, skipping
Refreshing native plugins compatible for Editor in 0.58 ms, found 2 plugins.
Preloading 0 native plugins for Editor in 0.00 ms.
Unloading 1802 Unused Serialized files (Serialized files now loaded: 0)
System memory in use before: 160.6 MB.
System memory in use after: 160.7 MB.

Unloading 7 unused Assets to reduce memory usage. Loaded Objects now: 2366.
Total: 3.190680 ms (FindLiveObjects: 0.340714 ms CreateObjectMapping: 0.094939 ms MarkObjects: 2.731651 ms  DeleteObjects: 0.021961 ms)

========================================================================
Received Prepare
Registering precompiled user dll's ...
Registered in 0.000760 seconds.
Begin MonoManager ReloadAssembly
Native extension for OSXStandalone target not found
Native extension for WebGL target not found
Refreshing native plugins compatible for Editor in 0.39 ms, found 2 plugins.
Preloading 0 native plugins for Editor in 0.00 ms.
Mono: successfully reloaded assembly
- Completed reload, in  1.158 seconds
Platform modules already initialized, skipping
Refreshing native plugins compatible for Editor in 0.67 ms, found 2 plugins.
Preloading 0 native plugins for Editor in 0.00 ms.
Unloading 1802 Unused Serialized files (Serialized files now loaded: 0)
System memory in use before: 160.8 MB.
System memory in use after: 160.9 MB.

Unloading 7 unused Assets to reduce memory usage. Loaded Objects now: 2370.
Total: 3.335528 ms (FindLiveObjects: 0.385946 ms CreateObjectMapping: 0.122537 ms MarkObjects: 2.802333 ms  DeleteObjects: 0.022501 ms)

========================================================================
Received Prepare
Registering precompiled user dll's ...
Registered in 0.002409 seconds.
Begin MonoManager ReloadAssembly
Native extension for OSXStandalone target not found
Native extension for WebGL target not found
Refreshing native plugins compatible for Editor in 0.70 ms, found 2 plugins.
Preloading 0 native plugins for Editor in 0.00 ms.
Mono: successfully reloaded assembly
- Completed reload, in  1.217 seconds
Platform modules already initialized, skipping
Refreshing native plugins compatible for Editor in 0.76 ms, found 2 plugins.
Preloading 0 native plugins for Editor in 0.00 ms.
Unloading 1802 Unused Serialized files (Serialized files now loaded: 0)
System memory in use before: 161.0 MB.
System memory in use after: 161.1 MB.

Unloading 7 unused Assets to reduce memory usage. Loaded Objects now: 2374.
Total: 3.076043 ms (FindLiveObjects: 0.382560 ms CreateObjectMapping: 0.126725 ms MarkObjects: 2.533211 ms  DeleteObjects: 0.031708 ms)

========================================================================
Received Import Request.
  Time since last request: 274.109598 seconds.
  path: Assets/Scenes/Begin.unity
  artifactKey: Guid(eb8e72f641cbb4b6e90439d9732e766a) Importer(815301076,1909f56bfc062723c751e8b465ee728b)
Start importing Assets/Scenes/Begin.unity using Guid(eb8e72f641cbb4b6e90439d9732e766a) Importer(815301076,1909f56bfc062723c751e8b465ee728b)  -> (artifact id: 'b5ee907ba7c48b46eb95cd36f39473a6') in 0.022699 seconds
  Import took 0.029164 seconds .

========================================================================
Received Import Request.
  Time since last request: 153.495689 seconds.
  path: Assets/Scenes/Level1.unity
  artifactKey: Guid(2cda990e2423bbf4892e6590ba056729) Importer(815301076,1909f56bfc062723c751e8b465ee728b)
Start importing Assets/Scenes/Level1.unity using Guid(2cda990e2423bbf4892e6590ba056729) Importer(815301076,1909f56bfc062723c751e8b465ee728b)  -> (artifact id: '9dca5c39bb180a25006a6b694f62a001') in 0.002437 seconds
  Import took 0.006165 seconds .

========================================================================
Received Prepare
Registering precompiled user dll's ...
Registered in 0.004147 seconds.
Begin MonoManager ReloadAssembly
Native extension for OSXStandalone target not found
Native extension for WebGL target not found
Refreshing native plugins compatible for Editor in 0.41 ms, found 2 plugins.
Preloading 0 native plugins for Editor in 0.00 ms.
Mono: successfully reloaded assembly
- Completed reload, in  1.629 seconds
Platform modules already initialized, skipping
Refreshing native plugins compatible for Editor in 0.41 ms, found 2 plugins.
Preloading 0 native plugins for Editor in 0.00 ms.
Unloading 1802 Unused Serialized files (Serialized files now loaded: 0)
System memory in use before: 161.4 MB.
System memory in use after: 161.5 MB.

Unloading 7 unused Assets to reduce memory usage. Loaded Objects now: 2378.
Total: 4.485779 ms (FindLiveObjects: 0.424028 ms CreateObjectMapping: 0.129699 ms MarkObjects: 3.888187 ms  DeleteObjects: 0.042194 ms)

========================================================================
Received Import Request.
  Time since last request: 3760.774772 seconds.
  path: Assets/Scenes/Begin.unity
  artifactKey: Guid(eb8e72f641cbb4b6e90439d9732e766a) Importer(815301076,1909f56bfc062723c751e8b465ee728b)
Start importing Assets/Scenes/Begin.unity using Guid(eb8e72f641cbb4b6e90439d9732e766a) Importer(815301076,1909f56bfc062723c751e8b465ee728b)  -> (artifact id: '5923523737d82ac4400c8b651458b58e') in 0.013396 seconds
  Import took 0.016846 seconds .

========================================================================
Received Import Request.
  Time since last request: 49.995425 seconds.
  path: Assets/Scenes/Begin.unity
  artifactKey: Guid(eb8e72f641cbb4b6e90439d9732e766a) Importer(815301076,1909f56bfc062723c751e8b465ee728b)
Start importing Assets/Scenes/Begin.unity using Guid(eb8e72f641cbb4b6e90439d9732e766a) Importer(815301076,1909f56bfc062723c751e8b465ee728b)  -> (artifact id: '2ef43c46a13251bc5278afb66afa4c1c') in 0.002777 seconds
  Import took 0.006725 seconds .

========================================================================
Received Import Request.
  Time since last request: 0.001147 seconds.
  path: Assets/Scenes/Begin.unity
  artifactKey: Guid(eb8e72f641cbb4b6e90439d9732e766a) Importer(815301076,1909f56bfc062723c751e8b465ee728b)
Start importing Assets/Scenes/Begin.unity using Guid(eb8e72f641cbb4b6e90439d9732e766a) Importer(815301076,1909f56bfc062723c751e8b465ee728b)  -> (artifact id: '2ef43c46a13251bc5278afb66afa4c1c') in 0.005393 seconds
  Import took 0.016318 seconds .

========================================================================
Received Import Request.
  Time since last request: 11.549712 seconds.
  path: Assets/Scenes/Choose.unity
  artifactKey: Guid(3f4eebf02e4a44e1485b825a80803ed3) Importer(815301076,1909f56bfc062723c751e8b465ee728b)
Start importing Assets/Scenes/Choose.unity using Guid(3f4eebf02e4a44e1485b825a80803ed3) Importer(815301076,1909f56bfc062723c751e8b465ee728b)  -> (artifact id: 'bd95595aaee5f9d317ef0849e8d1d5b5') in 0.003275 seconds
  Import took 0.007764 seconds .

========================================================================
Received Import Request.
  Time since last request: 104.573426 seconds.
  path: Assets/Scenes/Begin 1.unity
  artifactKey: Guid(27e36721937b84e49b24e792301d8399) Importer(815301076,1909f56bfc062723c751e8b465ee728b)
Start importing Assets/Scenes/Begin 1.unity using Guid(27e36721937b84e49b24e792301d8399) Importer(815301076,1909f56bfc062723c751e8b465ee728b)  -> (artifact id: 'a4cfe03554de6a51ece56ddc138fafa9') in 0.002826 seconds
  Import took 0.007806 seconds .

========================================================================
Received Import Request.
  Time since last request: 28.895436 seconds.
  path: Assets/Scenes/Choose.unity
  artifactKey: Guid(27e36721937b84e49b24e792301d8399) Importer(815301076,1909f56bfc062723c751e8b465ee728b)
Start importing Assets/Scenes/Choose.unity using Guid(27e36721937b84e49b24e792301d8399) Importer(815301076,1909f56bfc062723c751e8b465ee728b)  -> (artifact id: 'c63381653b794070ad637c1b76c4dc42') in 0.003596 seconds
  Import took 0.009964 seconds .

========================================================================
Received Import Request.
  Time since last request: 116.277544 seconds.
  path: Assets/Scenes/Begin.unity
  artifactKey: Guid(eb8e72f641cbb4b6e90439d9732e766a) Importer(815301076,1909f56bfc062723c751e8b465ee728b)
Start importing Assets/Scenes/Begin.unity using Guid(eb8e72f641cbb4b6e90439d9732e766a) Importer(815301076,1909f56bfc062723c751e8b465ee728b)  -> (artifact id: '73a728e30f03b1a23aeba82c65f80599') in 0.003978 seconds
  Import took 0.011828 seconds .

========================================================================
Received Import Request.
  Time since last request: 0.000375 seconds.
  path: Assets/Scenes/Begin.unity
  artifactKey: Guid(eb8e72f641cbb4b6e90439d9732e766a) Importer(815301076,1909f56bfc062723c751e8b465ee728b)
Start importing Assets/Scenes/Begin.unity using Guid(eb8e72f641cbb4b6e90439d9732e766a) Importer(815301076,1909f56bfc062723c751e8b465ee728b)  -> (artifact id: '73a728e30f03b1a23aeba82c65f80599') in 0.004460 seconds
  Import took 0.014679 seconds .

========================================================================
Received Import Request.
  Time since last request: 42.414592 seconds.
  path: Assets/Scenes/Choose.unity
  artifactKey: Guid(27e36721937b84e49b24e792301d8399) Importer(815301076,1909f56bfc062723c751e8b465ee728b)
Start importing Assets/Scenes/Choose.unity using Guid(27e36721937b84e49b24e792301d8399) Importer(815301076,1909f56bfc062723c751e8b465ee728b)  -> (artifact id: 'fb75f433246abcc55350a9909afda47a') in 0.002756 seconds
  Import took 0.007045 seconds .

========================================================================
Received Prepare
Registering precompiled user dll's ...
Registered in 0.000723 seconds.
Begin MonoManager ReloadAssembly
Native extension for OSXStandalone target not found
Native extension for WebGL target not found
Refreshing native plugins compatible for Editor in 0.37 ms, found 2 plugins.
Preloading 0 native plugins for Editor in 0.00 ms.
Mono: successfully reloaded assembly
- Completed reload, in  1.153 seconds
Platform modules already initialized, skipping
Refreshing native plugins compatible for Editor in 0.44 ms, found 2 plugins.
Preloading 0 native plugins for Editor in 0.00 ms.
Unloading 1802 Unused Serialized files (Serialized files now loaded: 0)
System memory in use before: 161.7 MB.
System memory in use after: 161.8 MB.

Unloading 7 unused Assets to reduce memory usage. Loaded Objects now: 2382.
Total: 3.278697 ms (FindLiveObjects: 0.439924 ms CreateObjectMapping: 0.149063 ms MarkObjects: 2.646162 ms  DeleteObjects: 0.041476 ms)

========================================================================
Received Prepare
Registering precompiled user dll's ...
Registered in 0.002655 seconds.
Begin MonoManager ReloadAssembly
Native extension for OSXStandalone target not found
Native extension for WebGL target not found
Refreshing native plugins compatible for Editor in 0.43 ms, found 2 plugins.
Preloading 0 native plugins for Editor in 0.00 ms.
Mono: successfully reloaded assembly
- Completed reload, in  1.451 seconds
Platform modules already initialized, skipping
Refreshing native plugins compatible for Editor in 0.46 ms, found 2 plugins.
Preloading 0 native plugins for Editor in 0.00 ms.
Unloading 1802 Unused Serialized files (Serialized files now loaded: 0)
System memory in use before: 161.9 MB.
System memory in use after: 162.0 MB.

Unloading 7 unused Assets to reduce memory usage. Loaded Objects now: 2386.
Total: 2.516657 ms (FindLiveObjects: 0.414710 ms CreateObjectMapping: 0.126595 ms MarkObjects: 1.943730 ms  DeleteObjects: 0.029412 ms)

========================================================================
Received Import Request.
  Time since last request: 925.471838 seconds.
  path: Assets/Scripts/Goal.cs
  artifactKey: Guid(06fffafd0ddf24437a3307bbdfb8de14) Importer(815301076,1909f56bfc062723c751e8b465ee728b)
Start importing Assets/Scripts/Goal.cs using Guid(06fffafd0ddf24437a3307bbdfb8de14) Importer(815301076,1909f56bfc062723c751e8b465ee728b)  -> (artifact id: '12d43974ce7156792ed262fa4e9ac0d7') in 0.013868 seconds
  Import took 0.017142 seconds .

========================================================================
Received Import Request.
  Time since last request: 142.550756 seconds.
  path: Assets/Scripts/Goal.cs
  artifactKey: Guid(06fffafd0ddf24437a3307bbdfb8de14) Importer(815301076,1909f56bfc062723c751e8b465ee728b)
Start importing Assets/Scripts/Goal.cs using Guid(06fffafd0ddf24437a3307bbdfb8de14) Importer(815301076,1909f56bfc062723c751e8b465ee728b)  -> (artifact id: '75f2d1de51405d05b18dcae8d3be8248') in 0.002160 seconds
  Import took 0.008189 seconds .

========================================================================
Received Import Request.
  Time since last request: 0.007860 seconds.
  path: Assets/Scripts/Goal.cs
  artifactKey: Guid(06fffafd0ddf24437a3307bbdfb8de14) Importer(815301076,1909f56bfc062723c751e8b465ee728b)
Start importing Assets/Scripts/Goal.cs using Guid(06fffafd0ddf24437a3307bbdfb8de14) Importer(815301076,1909f56bfc062723c751e8b465ee728b)  -> (artifact id: '75f2d1de51405d05b18dcae8d3be8248') in 0.002900 seconds
  Import took 0.008111 seconds .

========================================================================
Received Prepare
Registering precompiled user dll's ...
Registered in 0.001199 seconds.
Begin MonoManager ReloadAssembly
Native extension for OSXStandalone target not found
Native extension for WebGL target not found
Refreshing native plugins compatible for Editor in 0.43 ms, found 2 plugins.
Preloading 0 native plugins for Editor in 0.00 ms.
Mono: successfully reloaded assembly
- Completed reload, in  1.134 seconds
Platform modules already initialized, skipping
Refreshing native plugins compatible for Editor in 0.52 ms, found 2 plugins.
Preloading 0 native plugins for Editor in 0.00 ms.
Unloading 1802 Unused Serialized files (Serialized files now loaded: 0)
System memory in use before: 162.1 MB.
System memory in use after: 162.2 MB.

Unloading 7 unused Assets to reduce memory usage. Loaded Objects now: 2390.
Total: 2.423527 ms (FindLiveObjects: 0.421777 ms CreateObjectMapping: 0.167813 ms MarkObjects: 1.812737 ms  DeleteObjects: 0.019477 ms)

========================================================================
Received Import Request.
  Time since last request: 123.217921 seconds.
  path: Assets/Scripts/Goal.cs
  artifactKey: Guid(06fffafd0ddf24437a3307bbdfb8de14) Importer(815301076,1909f56bfc062723c751e8b465ee728b)
Start importing Assets/Scripts/Goal.cs using Guid(06fffafd0ddf24437a3307bbdfb8de14) Importer(815301076,1909f56bfc062723c751e8b465ee728b)  -> (artifact id: 'b20e2c98b1ad9a24f902d3465281b6f0') in 0.005404 seconds
  Import took 0.009468 seconds .

========================================================================
Received Import Request.
  Time since last request: 4.480815 seconds.
  path: Assets/Scripts/LoadLevel.cs
  artifactKey: Guid(06fffafd0ddf24437a3307bbdfb8de14) Importer(815301076,1909f56bfc062723c751e8b465ee728b)
Start importing Assets/Scripts/LoadLevel.cs using Guid(06fffafd0ddf24437a3307bbdfb8de14) Importer(815301076,1909f56bfc062723c751e8b465ee728b)  -> (artifact id: '56bc1d471f47414243a1cfc1f732dec5') in 0.001961 seconds
  Import took 0.009299 seconds .

========================================================================
Received Prepare
Registering precompiled user dll's ...
Registered in 0.000889 seconds.
Begin MonoManager ReloadAssembly
Native extension for OSXStandalone target not found
Native extension for WebGL target not found
Refreshing native plugins compatible for Editor in 0.64 ms, found 2 plugins.
Preloading 0 native plugins for Editor in 0.00 ms.
Mono: successfully reloaded assembly
- Completed reload, in  1.200 seconds
Platform modules already initialized, skipping
Refreshing native plugins compatible for Editor in 0.36 ms, found 2 plugins.
Preloading 0 native plugins for Editor in 0.00 ms.
Unloading 1802 Unused Serialized files (Serialized files now loaded: 0)
System memory in use before: 162.3 MB.
System memory in use after: 162.4 MB.

Unloading 7 unused Assets to reduce memory usage. Loaded Objects now: 2394.
Total: 2.485231 ms (FindLiveObjects: 0.337695 ms CreateObjectMapping: 0.136256 ms MarkObjects: 1.990498 ms  DeleteObjects: 0.018820 ms)

========================================================================
Received Prepare
Registering precompiled user dll's ...
Registered in 0.001586 seconds.
Begin MonoManager ReloadAssembly
Native extension for OSXStandalone target not found
Native extension for WebGL target not found
Refreshing native plugins compatible for Editor in 0.47 ms, found 2 plugins.
Preloading 0 native plugins for Editor in 0.00 ms.
Mono: successfully reloaded assembly
- Completed reload, in  1.349 seconds
Platform modules already initialized, skipping
Refreshing native plugins compatible for Editor in 0.61 ms, found 2 plugins.
Preloading 0 native plugins for Editor in 0.00 ms.
Unloading 1802 Unused Serialized files (Serialized files now loaded: 0)
System memory in use before: 162.5 MB.
System memory in use after: 162.6 MB.

Unloading 7 unused Assets to reduce memory usage. Loaded Objects now: 2398.
Total: 2.336537 ms (FindLiveObjects: 0.259826 ms CreateObjectMapping: 0.078674 ms MarkObjects: 1.978909 ms  DeleteObjects: 0.017685 ms)

========================================================================
Received Prepare
Registering precompiled user dll's ...
Registered in 0.000724 seconds.
Begin MonoManager ReloadAssembly
Native extension for OSXStandalone target not found
Native extension for WebGL target not found
Refreshing native plugins compatible for Editor in 0.39 ms, found 2 plugins.
Preloading 0 native plugins for Editor in 0.00 ms.
Mono: successfully reloaded assembly
- Completed reload, in  1.129 seconds
Platform modules already initialized, skipping
Refreshing native plugins compatible for Editor in 0.32 ms, found 2 plugins.
Preloading 0 native plugins for Editor in 0.00 ms.
Unloading 1802 Unused Serialized files (Serialized files now loaded: 0)
System memory in use before: 162.7 MB.
System memory in use after: 162.8 MB.

Unloading 7 unused Assets to reduce memory usage. Loaded Objects now: 2402.
Total: 2.277593 ms (FindLiveObjects: 0.274353 ms CreateObjectMapping: 0.067882 ms MarkObjects: 1.916437 ms  DeleteObjects: 0.017664 ms)

========================================================================
Received Prepare
Registering precompiled user dll's ...
Registered in 0.000619 seconds.
Begin MonoManager ReloadAssembly
Native extension for OSXStandalone target not found
Native extension for WebGL target not found
Refreshing native plugins compatible for Editor in 0.40 ms, found 2 plugins.
Preloading 0 native plugins for Editor in 0.00 ms.
Mono: successfully reloaded assembly
- Completed reload, in  1.164 seconds
Platform modules already initialized, skipping
Refreshing native plugins compatible for Editor in 0.47 ms, found 2 plugins.
Preloading 0 native plugins for Editor in 0.00 ms.
Unloading 1802 Unused Serialized files (Serialized files now loaded: 0)
System memory in use before: 162.9 MB.
System memory in use after: 163.0 MB.

Unloading 7 unused Assets to reduce memory usage. Loaded Objects now: 2406.
Total: 2.094679 ms (FindLiveObjects: 0.263768 ms CreateObjectMapping: 0.065403 ms MarkObjects: 1.747176 ms  DeleteObjects: 0.016459 ms)

========================================================================
Received Prepare
Registering precompiled user dll's ...
Registered in 0.001209 seconds.
Begin MonoManager ReloadAssembly
Native extension for OSXStandalone target not found
Native extension for WebGL target not found
Refreshing native plugins compatible for Editor in 0.37 ms, found 2 plugins.
Preloading 0 native plugins for Editor in 0.00 ms.
Mono: successfully reloaded assembly
- Completed reload, in  1.123 seconds
Platform modules already initialized, skipping
Refreshing native plugins compatible for Editor in 0.43 ms, found 2 plugins.
Preloading 0 native plugins for Editor in 0.00 ms.
Unloading 1802 Unused Serialized files (Serialized files now loaded: 0)
System memory in use before: 163.1 MB.
System memory in use after: 163.2 MB.

Unloading 7 unused Assets to reduce memory usage. Loaded Objects now: 2410.
Total: 2.276577 ms (FindLiveObjects: 0.356102 ms CreateObjectMapping: 0.085861 ms MarkObjects: 1.816806 ms  DeleteObjects: 0.016795 ms)

========================================================================
Received Import Request.
  Time since last request: 323.298493 seconds.
  path: Assets/Scripts/LoadLevel.cs
  artifactKey: Guid(06fffafd0ddf24437a3307bbdfb8de14) Importer(815301076,1909f56bfc062723c751e8b465ee728b)
Start importing Assets/Scripts/LoadLevel.cs using Guid(06fffafd0ddf24437a3307bbdfb8de14) Importer(815301076,1909f56bfc062723c751e8b465ee728b)  -> (artifact id: 'e4f175b0d9613acda7c8551fd5862738') in 0.005746 seconds
  Import took 0.009641 seconds .

========================================================================
Received Import Request.
  Time since last request: 0.013769 seconds.
  path: Assets/Scripts/LoadLevel.cs
  artifactKey: Guid(06fffafd0ddf24437a3307bbdfb8de14) Importer(815301076,1909f56bfc062723c751e8b465ee728b)
Start importing Assets/Scripts/LoadLevel.cs using Guid(06fffafd0ddf24437a3307bbdfb8de14) Importer(815301076,1909f56bfc062723c751e8b465ee728b)  -> (artifact id: 'e4f175b0d9613acda7c8551fd5862738') in 0.001693 seconds
  Import took 0.006176 seconds .

========================================================================
Received Prepare
Registering precompiled user dll's ...
Registered in 0.000642 seconds.
Begin MonoManager ReloadAssembly
Native extension for OSXStandalone target not found
Native extension for WebGL target not found
Refreshing native plugins compatible for Editor in 0.39 ms, found 2 plugins.
Preloading 0 native plugins for Editor in 0.00 ms.
Mono: successfully reloaded assembly
- Completed reload, in  1.111 seconds
Platform modules already initialized, skipping
Refreshing native plugins compatible for Editor in 0.36 ms, found 2 plugins.
Preloading 0 native plugins for Editor in 0.00 ms.
Unloading 1802 Unused Serialized files (Serialized files now loaded: 0)
System memory in use before: 163.3 MB.
System memory in use after: 163.4 MB.

Unloading 7 unused Assets to reduce memory usage. Loaded Objects now: 2414.
Total: 3.177732 ms (FindLiveObjects: 0.340174 ms CreateObjectMapping: 0.101288 ms MarkObjects: 2.712579 ms  DeleteObjects: 0.022419 ms)

========================================================================
Received Prepare
Registering precompiled user dll's ...
Registered in 0.001116 seconds.
Begin MonoManager ReloadAssembly
Native extension for OSXStandalone target not found
Native extension for WebGL target not found
Refreshing native plugins compatible for Editor in 0.63 ms, found 2 plugins.
Preloading 0 native plugins for Editor in 0.00 ms.
Mono: successfully reloaded assembly
- Completed reload, in  1.182 seconds
Platform modules already initialized, skipping
Refreshing native plugins compatible for Editor in 0.56 ms, found 2 plugins.
Preloading 0 native plugins for Editor in 0.00 ms.
Unloading 1802 Unused Serialized files (Serialized files now loaded: 0)
System memory in use before: 163.5 MB.
System memory in use after: 163.6 MB.

Unloading 7 unused Assets to reduce memory usage. Loaded Objects now: 2418.
Total: 3.922764 ms (FindLiveObjects: 0.503696 ms CreateObjectMapping: 0.194552 ms MarkObjects: 3.197774 ms  DeleteObjects: 0.023744 ms)

========================================================================
Received Import Request.
  Time since last request: 108.783602 seconds.
  path: Assets/Scripts/LoadLevel.cs
  artifactKey: Guid(06fffafd0ddf24437a3307bbdfb8de14) Importer(815301076,1909f56bfc062723c751e8b465ee728b)
Start importing Assets/Scripts/LoadLevel.cs using Guid(06fffafd0ddf24437a3307bbdfb8de14) Importer(815301076,1909f56bfc062723c751e8b465ee728b)  -> (artifact id: '6fa9cea2b806d6f9b6ac44adbb188920') in 0.004782 seconds
  Import took 0.009419 seconds .

========================================================================
Received Import Request.
  Time since last request: 0.017061 seconds.
  path: Assets/Scripts/LoadLevel.cs
  artifactKey: Guid(06fffafd0ddf24437a3307bbdfb8de14) Importer(815301076,1909f56bfc062723c751e8b465ee728b)
Start importing Assets/Scripts/LoadLevel.cs using Guid(06fffafd0ddf24437a3307bbdfb8de14) Importer(815301076,1909f56bfc062723c751e8b465ee728b)  -> (artifact id: '6fa9cea2b806d6f9b6ac44adbb188920') in 0.001572 seconds
  Import took 0.005104 seconds .

========================================================================
Received Import Request.
  Time since last request: 26.934765 seconds.
  path: Assets/Scenes/Level1.unity
  artifactKey: Guid(2cda990e2423bbf4892e6590ba056729) Importer(815301076,1909f56bfc062723c751e8b465ee728b)
Start importing Assets/Scenes/Level1.unity using Guid(2cda990e2423bbf4892e6590ba056729) Importer(815301076,1909f56bfc062723c751e8b465ee728b)  -> (artifact id: '64df935c3d4b3e8b0f825c1c0650d034') in 0.022915 seconds
  Import took 0.027168 seconds .

========================================================================
Received Prepare
Registering precompiled user dll's ...
Registered in 0.001038 seconds.
Begin MonoManager ReloadAssembly
Native extension for OSXStandalone target not found
Native extension for WebGL target not found
Refreshing native plugins compatible for Editor in 0.44 ms, found 2 plugins.
Preloading 0 native plugins for Editor in 0.00 ms.
Mono: successfully reloaded assembly
- Completed reload, in  1.391 seconds
Platform modules already initialized, skipping
Refreshing native plugins compatible for Editor in 0.43 ms, found 2 plugins.
Preloading 0 native plugins for Editor in 0.00 ms.
Unloading 1802 Unused Serialized files (Serialized files now loaded: 0)
System memory in use before: 163.7 MB.
System memory in use after: 163.8 MB.

Unloading 7 unused Assets to reduce memory usage. Loaded Objects now: 2422.
Total: 3.340905 ms (FindLiveObjects: 0.418487 ms CreateObjectMapping: 0.158183 ms MarkObjects: 2.739578 ms  DeleteObjects: 0.022649 ms)

========================================================================
Received Prepare
Registering precompiled user dll's ...
Registered in 0.000651 seconds.
Begin MonoManager ReloadAssembly
Native extension for OSXStandalone target not found
Native extension for WebGL target not found
Refreshing native plugins compatible for Editor in 0.36 ms, found 2 plugins.
Preloading 0 native plugins for Editor in 0.00 ms.
Mono: successfully reloaded assembly
- Completed reload, in  1.090 seconds
Platform modules already initialized, skipping
Refreshing native plugins compatible for Editor in 0.33 ms, found 2 plugins.
Preloading 0 native plugins for Editor in 0.00 ms.
Unloading 1802 Unused Serialized files (Serialized files now loaded: 0)
System memory in use before: 163.9 MB.
System memory in use after: 164.0 MB.

Unloading 7 unused Assets to reduce memory usage. Loaded Objects now: 2426.
Total: 2.125836 ms (FindLiveObjects: 0.283101 ms CreateObjectMapping: 0.074594 ms MarkObjects: 1.750192 ms  DeleteObjects: 0.016834 ms)

========================================================================
Received Prepare
Registering precompiled user dll's ...
Registered in 0.000783 seconds.
Begin MonoManager ReloadAssembly
Native extension for OSXStandalone target not found
Native extension for WebGL target not found
Refreshing native plugins compatible for Editor in 0.38 ms, found 2 plugins.
Preloading 0 native plugins for Editor in 0.00 ms.
Mono: successfully reloaded assembly
- Completed reload, in  1.088 seconds
Platform modules already initialized, skipping
Refreshing native plugins compatible for Editor in 0.33 ms, found 2 plugins.
Preloading 0 native plugins for Editor in 0.00 ms.
Unloading 1802 Unused Serialized files (Serialized files now loaded: 0)
System memory in use before: 164.1 MB.
System memory in use after: 164.2 MB.

Unloading 7 unused Assets to reduce memory usage. Loaded Objects now: 2430.
Total: 2.056573 ms (FindLiveObjects: 0.237440 ms CreateObjectMapping: 0.062039 ms MarkObjects: 1.739912 ms  DeleteObjects: 0.016269 ms)

========================================================================
Received Prepare
Registering precompiled user dll's ...
Registered in 0.003286 seconds.
Begin MonoManager ReloadAssembly
Native extension for OSXStandalone target not found
Native extension for WebGL target not found
Refreshing native plugins compatible for Editor in 0.56 ms, found 2 plugins.
Preloading 0 native plugins for Editor in 0.00 ms.
Mono: successfully reloaded assembly
- Completed reload, in  1.311 seconds
Platform modules already initialized, skipping
Refreshing native plugins compatible for Editor in 0.40 ms, found 2 plugins.
Preloading 0 native plugins for Editor in 0.00 ms.
Unloading 1802 Unused Serialized files (Serialized files now loaded: 0)
System memory in use before: 164.3 MB.
System memory in use after: 164.4 MB.

Unloading 7 unused Assets to reduce memory usage. Loaded Objects now: 2434.
Total: 3.431154 ms (FindLiveObjects: 0.494121 ms CreateObjectMapping: 0.124833 ms MarkObjects: 2.787779 ms  DeleteObjects: 0.022488 ms)

========================================================================
Received Prepare
Registering precompiled user dll's ...
Registered in 0.001001 seconds.
Begin MonoManager ReloadAssembly
Native extension for OSXStandalone target not found
Native extension for WebGL target not found
Refreshing native plugins compatible for Editor in 0.42 ms, found 2 plugins.
Preloading 0 native plugins for Editor in 0.00 ms.
Mono: successfully reloaded assembly
- Completed reload, in  1.383 seconds
Platform modules already initialized, skipping
Refreshing native plugins compatible for Editor in 0.47 ms, found 2 plugins.
Preloading 0 native plugins for Editor in 0.00 ms.
Unloading 1803 Unused Serialized files (Serialized files now loaded: 0)
System memory in use before: 164.6 MB.
System memory in use after: 164.7 MB.

Unloading 7 unused Assets to reduce memory usage. Loaded Objects now: 2439.
Total: 2.858489 ms (FindLiveObjects: 0.357261 ms CreateObjectMapping: 0.102241 ms MarkObjects: 2.363650 ms  DeleteObjects: 0.033747 ms)

========================================================================
Received Import Request.
  Time since last request: 6434.096116 seconds.
  path: Assets/Scripts/NewBehaviourScript.cs
  artifactKey: Guid(b90237c293eec424f8b75b2296604715) Importer(815301076,1909f56bfc062723c751e8b465ee728b)
Start importing Assets/Scripts/NewBehaviourScript.cs using Guid(b90237c293eec424f8b75b2296604715) Importer(815301076,1909f56bfc062723c751e8b465ee728b)  -> (artifact id: 'c71cfefbea95d4536a20fb6d30c5d788') in 0.036183 seconds
  Import took 0.042233 seconds .

========================================================================
Received Import Request.
  Time since last request: 2.845554 seconds.
  path: Assets/Scripts/Asteroid.cs
  artifactKey: Guid(b90237c293eec424f8b75b2296604715) Importer(815301076,1909f56bfc062723c751e8b465ee728b)
Start importing Assets/Scripts/Asteroid.cs using Guid(b90237c293eec424f8b75b2296604715) Importer(815301076,1909f56bfc062723c751e8b465ee728b)  -> (artifact id: 'f66d9ea9c348189fe8e86aa8d2f02b0c') in 0.002480 seconds
  Import took 0.008444 seconds .

========================================================================
Received Import Request.
  Time since last request: 0.004305 seconds.
  path: Assets/Scripts/Asteroid.cs
  artifactKey: Guid(b90237c293eec424f8b75b2296604715) Importer(815301076,1909f56bfc062723c751e8b465ee728b)
Start importing Assets/Scripts/Asteroid.cs using Guid(b90237c293eec424f8b75b2296604715) Importer(815301076,1909f56bfc062723c751e8b465ee728b)  -> (artifact id: 'f66d9ea9c348189fe8e86aa8d2f02b0c') in 0.002207 seconds
  Import took 0.006868 seconds .

========================================================================
Received Prepare
Registering precompiled user dll's ...
Registered in 0.001128 seconds.
Begin MonoManager ReloadAssembly
Native extension for OSXStandalone target not found
Native extension for WebGL target not found
Refreshing native plugins compatible for Editor in 0.41 ms, found 2 plugins.
Preloading 0 native plugins for Editor in 0.00 ms.
Mono: successfully reloaded assembly
- Completed reload, in  1.191 seconds
Platform modules already initialized, skipping
Refreshing native plugins compatible for Editor in 0.40 ms, found 2 plugins.
Preloading 0 native plugins for Editor in 0.00 ms.
Unloading 1803 Unused Serialized files (Serialized files now loaded: 0)
System memory in use before: 164.8 MB.
System memory in use after: 164.9 MB.

Unloading 7 unused Assets to reduce memory usage. Loaded Objects now: 2443.
Total: 2.622306 ms (FindLiveObjects: 0.306423 ms CreateObjectMapping: 0.085340 ms MarkObjects: 2.209287 ms  DeleteObjects: 0.020043 ms)

========================================================================
Received Prepare
Registering precompiled user dll's ...
Registered in 0.007366 seconds.
Begin MonoManager ReloadAssembly
Native extension for OSXStandalone target not found
Native extension for WebGL target not found
Refreshing native plugins compatible for Editor in 0.39 ms, found 2 plugins.
Preloading 0 native plugins for Editor in 0.00 ms.
Mono: successfully reloaded assembly
- Completed reload, in  1.256 seconds
Platform modules already initialized, skipping
Refreshing native plugins compatible for Editor in 0.44 ms, found 2 plugins.
Preloading 0 native plugins for Editor in 0.00 ms.
Unloading 1804 Unused Serialized files (Serialized files now loaded: 0)
System memory in use before: 165.1 MB.
System memory in use after: 165.2 MB.

Unloading 7 unused Assets to reduce memory usage. Loaded Objects now: 2448.
Total: 2.993626 ms (FindLiveObjects: 0.410831 ms CreateObjectMapping: 0.126412 ms MarkObjects: 2.435112 ms  DeleteObjects: 0.019555 ms)

========================================================================
Received Prepare
Registering precompiled user dll's ...
Registered in 0.001505 seconds.
Begin MonoManager ReloadAssembly
Native extension for OSXStandalone target not found
Native extension for WebGL target not found
Refreshing native plugins compatible for Editor in 0.47 ms, found 2 plugins.
Preloading 0 native plugins for Editor in 0.00 ms.
Mono: successfully reloaded assembly
- Completed reload, in  1.379 seconds
Platform modules already initialized, skipping
Refreshing native plugins compatible for Editor in 0.39 ms, found 2 plugins.
Preloading 0 native plugins for Editor in 0.00 ms.
Unloading 1803 Unused Serialized files (Serialized files now loaded: 0)
System memory in use before: 165.3 MB.
System memory in use after: 165.4 MB.

Unloading 8 unused Assets to reduce memory usage. Loaded Objects now: 2451.
Total: 2.710858 ms (FindLiveObjects: 0.393491 ms CreateObjectMapping: 0.135103 ms MarkObjects: 2.146209 ms  DeleteObjects: 0.034451 ms)

========================================================================
Received Prepare
Registering precompiled user dll's ...
Registered in 0.005950 seconds.
Begin MonoManager ReloadAssembly
Native extension for OSXStandalone target not found
Native extension for WebGL target not found
Refreshing native plugins compatible for Editor in 2.04 ms, found 2 plugins.
Preloading 0 native plugins for Editor in 0.00 ms.
Mono: successfully reloaded assembly
- Completed reload, in  1.497 seconds
Platform modules already initialized, skipping
Refreshing native plugins compatible for Editor in 0.44 ms, found 2 plugins.
Preloading 0 native plugins for Editor in 0.00 ms.
Unloading 1803 Unused Serialized files (Serialized files now loaded: 0)
System memory in use before: 165.4 MB.
System memory in use after: 165.6 MB.

Unloading 7 unused Assets to reduce memory usage. Loaded Objects now: 2455.
Total: 3.109285 ms (FindLiveObjects: 0.397999 ms CreateObjectMapping: 0.111119 ms MarkObjects: 2.579064 ms  DeleteObjects: 0.019567 ms)

========================================================================
Received Import Request.
  Time since last request: 104.670764 seconds.
  path: Assets/Scripts/asteroid.cs
  artifactKey: Guid(87396d13156994ad59af2418899399bf) Importer(815301076,1909f56bfc062723c751e8b465ee728b)
Start importing Assets/Scripts/asteroid.cs using Guid(87396d13156994ad59af2418899399bf) Importer(815301076,1909f56bfc062723c751e8b465ee728b)  -> (artifact id: '54c0df45d4f30545bcfb695dfc6eb71d') in 0.006433 seconds
  Import took 0.010248 seconds .

========================================================================
Received Import Request.
  Time since last request: 20.291609 seconds.
  path: Assets/Scripts/Asteroid.cs
  artifactKey: Guid(87396d13156994ad59af2418899399bf) Importer(815301076,1909f56bfc062723c751e8b465ee728b)
Start importing Assets/Scripts/Asteroid.cs using Guid(87396d13156994ad59af2418899399bf) Importer(815301076,1909f56bfc062723c751e8b465ee728b)  -> (artifact id: 'fc273b860b0a8247e277d96af1b1059e') in 0.002855 seconds
  Import took 0.008090 seconds .

========================================================================
Received Prepare
Registering precompiled user dll's ...
Registered in 0.007762 seconds.
Begin MonoManager ReloadAssembly
Native extension for OSXStandalone target not found
Native extension for WebGL target not found
Refreshing native plugins compatible for Editor in 0.40 ms, found 2 plugins.
Preloading 0 native plugins for Editor in 0.00 ms.
Mono: successfully reloaded assembly
- Completed reload, in  1.185 seconds
Platform modules already initialized, skipping
Refreshing native plugins compatible for Editor in 0.38 ms, found 2 plugins.
Preloading 0 native plugins for Editor in 0.00 ms.
Unloading 1803 Unused Serialized files (Serialized files now loaded: 0)
System memory in use before: 165.6 MB.
System memory in use after: 165.8 MB.

Unloading 7 unused Assets to reduce memory usage. Loaded Objects now: 2459.
Total: 3.099302 ms (FindLiveObjects: 0.418295 ms CreateObjectMapping: 0.156222 ms MarkObjects: 2.498695 ms  DeleteObjects: 0.024050 ms)

========================================================================
Received Prepare
Registering precompiled user dll's ...
Registered in 0.001508 seconds.
Begin MonoManager ReloadAssembly
Native extension for OSXStandalone target not found
Native extension for WebGL target not found
Refreshing native plugins compatible for Editor in 0.45 ms, found 2 plugins.
Preloading 0 native plugins for Editor in 0.00 ms.
Mono: successfully reloaded assembly
- Completed reload, in  1.218 seconds
Platform modules already initialized, skipping
Refreshing native plugins compatible for Editor in 0.88 ms, found 2 plugins.
Preloading 0 native plugins for Editor in 0.00 ms.
Unloading 1803 Unused Serialized files (Serialized files now loaded: 0)
System memory in use before: 165.9 MB.
System memory in use after: 166.0 MB.

Unloading 7 unused Assets to reduce memory usage. Loaded Objects now: 2463.
Total: 2.535700 ms (FindLiveObjects: 0.344311 ms CreateObjectMapping: 0.115265 ms MarkObjects: 2.059085 ms  DeleteObjects: 0.016043 ms)

========================================================================
Received Import Request.
  Time since last request: 99.315794 seconds.
  path: Assets/Scripts/Asteroid.cs
  artifactKey: Guid(87396d13156994ad59af2418899399bf) Importer(815301076,1909f56bfc062723c751e8b465ee728b)
Start importing Assets/Scripts/Asteroid.cs using Guid(87396d13156994ad59af2418899399bf) Importer(815301076,1909f56bfc062723c751e8b465ee728b)  -> (artifact id: '765ffc2a95f12ab969ec8de012a6fdd9') in 0.004580 seconds
  Import took 0.007716 seconds .

========================================================================
Received Import Request.
  Time since last request: 0.000302 seconds.
  path: Assets/Scripts/Asteroid.cs
  artifactKey: Guid(87396d13156994ad59af2418899399bf) Importer(815301076,1909f56bfc062723c751e8b465ee728b)
Start importing Assets/Scripts/Asteroid.cs using Guid(87396d13156994ad59af2418899399bf) Importer(815301076,1909f56bfc062723c751e8b465ee728b)  -> (artifact id: '765ffc2a95f12ab969ec8de012a6fdd9') in 0.001721 seconds
  Import took 0.005366 seconds .

========================================================================
Received Import Request.
  Time since last request: 240.164384 seconds.
  path: Assets/Scripts/Asteroid.cs
  artifactKey: Guid(87396d13156994ad59af2418899399bf) Importer(815301076,1909f56bfc062723c751e8b465ee728b)
Start importing Assets/Scripts/Asteroid.cs using Guid(87396d13156994ad59af2418899399bf) Importer(815301076,1909f56bfc062723c751e8b465ee728b)  -> (artifact id: '9e14d13fc2af456188845908e58a22cf') in 0.002622 seconds
  Import took 0.008169 seconds .

========================================================================
Received Prepare
Registering precompiled user dll's ...
Registered in 0.001882 seconds.
Begin MonoManager ReloadAssembly
Native extension for OSXStandalone target not found
Native extension for WebGL target not found
Refreshing native plugins compatible for Editor in 0.41 ms, found 2 plugins.
Preloading 0 native plugins for Editor in 0.00 ms.
Mono: successfully reloaded assembly
- Completed reload, in  1.168 seconds
Platform modules already initialized, skipping
Refreshing native plugins compatible for Editor in 0.76 ms, found 2 plugins.
Preloading 0 native plugins for Editor in 0.00 ms.
Unloading 1803 Unused Serialized files (Serialized files now loaded: 0)
System memory in use before: 166.1 MB.
System memory in use after: 166.2 MB.

Unloading 7 unused Assets to reduce memory usage. Loaded Objects now: 2467.
Total: 3.767380 ms (FindLiveObjects: 0.451379 ms CreateObjectMapping: 0.142750 ms MarkObjects: 3.145788 ms  DeleteObjects: 0.023469 ms)

========================================================================
Received Import Request.
  Time since last request: 311.797487 seconds.
  path: Assets/Prefabs/Asteroid 1.prefab
  artifactKey: Guid(cb10aaaaa1f4a4e08974db145e304a68) Importer(815301076,1909f56bfc062723c751e8b465ee728b)
Start importing Assets/Prefabs/Asteroid 1.prefab using Guid(cb10aaaaa1f4a4e08974db145e304a68) Importer(815301076,1909f56bfc062723c751e8b465ee728b)  -> (artifact id: '1c600852b2b104d540df07c4ebc40bdc') in 2.883997 seconds
  Import took 2.888785 seconds .

========================================================================
Received Prepare
Registering precompiled user dll's ...
Registered in 0.001392 seconds.
Begin MonoManager ReloadAssembly
Native extension for OSXStandalone target not found
Native extension for WebGL target not found
Refreshing native plugins compatible for Editor in 0.38 ms, found 2 plugins.
Preloading 0 native plugins for Editor in 0.00 ms.
Mono: successfully reloaded assembly
- Completed reload, in  1.186 seconds
Platform modules already initialized, skipping
Refreshing native plugins compatible for Editor in 0.57 ms, found 2 plugins.
Preloading 0 native plugins for Editor in 0.00 ms.
Unloading 1804 Unused Serialized files (Serialized files now loaded: 0)
System memory in use before: 170.7 MB.
System memory in use after: 170.8 MB.

Unloading 7 unused Assets to reduce memory usage. Loaded Objects now: 2477.
Total: 2.648042 ms (FindLiveObjects: 0.227587 ms CreateObjectMapping: 0.051555 ms MarkObjects: 2.346945 ms  DeleteObjects: 0.019877 ms)

========================================================================
Received Prepare
Registering precompiled user dll's ...
Registered in 0.001146 seconds.
Begin MonoManager ReloadAssembly
Native extension for OSXStandalone target not found
Native extension for WebGL target not found
Refreshing native plugins compatible for Editor in 0.39 ms, found 2 plugins.
Preloading 0 native plugins for Editor in 0.00 ms.
Mono: successfully reloaded assembly
- Completed reload, in  1.235 seconds
Platform modules already initialized, skipping
Refreshing native plugins compatible for Editor in 0.42 ms, found 2 plugins.
Preloading 0 native plugins for Editor in 0.00 ms.
Unloading 1804 Unused Serialized files (Serialized files now loaded: 0)
System memory in use before: 170.9 MB.
System memory in use after: 171.0 MB.

Unloading 7 unused Assets to reduce memory usage. Loaded Objects now: 2481.
Total: 2.505450 ms (FindLiveObjects: 0.275742 ms CreateObjectMapping: 0.083893 ms MarkObjects: 2.123724 ms  DeleteObjects: 0.019750 ms)

========================================================================
Received Import Request.
  Time since last request: 189.292006 seconds.
  path: Assets/Scripts/deployAstroids.cs
  artifactKey: Guid(988bcb5239e0d4353a936fcd486ca7d2) Importer(815301076,1909f56bfc062723c751e8b465ee728b)
Start importing Assets/Scripts/deployAstroids.cs using Guid(988bcb5239e0d4353a936fcd486ca7d2) Importer(815301076,1909f56bfc062723c751e8b465ee728b)  -> (artifact id: 'a331c0a6f88f427c14bce7fe31cf955e') in 0.012101 seconds
  Import took 0.015506 seconds .

========================================================================
Received Prepare
Registering precompiled user dll's ...
Registered in 0.001632 seconds.
Begin MonoManager ReloadAssembly
Native extension for OSXStandalone target not found
Native extension for WebGL target not found
Refreshing native plugins compatible for Editor in 0.40 ms, found 2 plugins.
Preloading 0 native plugins for Editor in 0.00 ms.
Mono: successfully reloaded assembly
- Completed reload, in  1.250 seconds
Platform modules already initialized, skipping
Refreshing native plugins compatible for Editor in 0.43 ms, found 2 plugins.
Preloading 0 native plugins for Editor in 0.00 ms.
Unloading 1804 Unused Serialized files (Serialized files now loaded: 0)
System memory in use before: 171.2 MB.
System memory in use after: 171.3 MB.

Unloading 7 unused Assets to reduce memory usage. Loaded Objects now: 2485.
Total: 3.082027 ms (FindLiveObjects: 0.417218 ms CreateObjectMapping: 0.122140 ms MarkObjects: 2.519350 ms  DeleteObjects: 0.021683 ms)

========================================================================
Received Import Request.
  Time since last request: 111.464318 seconds.
  path: Assets/Scripts/deployAstroids.cs
  artifactKey: Guid(988bcb5239e0d4353a936fcd486ca7d2) Importer(815301076,1909f56bfc062723c751e8b465ee728b)
Start importing Assets/Scripts/deployAstroids.cs using Guid(988bcb5239e0d4353a936fcd486ca7d2) Importer(815301076,1909f56bfc062723c751e8b465ee728b)  -> (artifact id: '3efe47315b9e45bb5131e44f8a71afa2') in 0.005788 seconds
  Import took 0.009502 seconds .

========================================================================
Received Prepare
Registering precompiled user dll's ...
Registered in 0.001896 seconds.
Begin MonoManager ReloadAssembly
Native extension for OSXStandalone target not found
Native extension for WebGL target not found
Refreshing native plugins compatible for Editor in 0.39 ms, found 2 plugins.
Preloading 0 native plugins for Editor in 0.00 ms.
Mono: successfully reloaded assembly
- Completed reload, in  1.222 seconds
Platform modules already initialized, skipping
Refreshing native plugins compatible for Editor in 0.43 ms, found 2 plugins.
Preloading 0 native plugins for Editor in 0.00 ms.
Unloading 1804 Unused Serialized files (Serialized files now loaded: 0)
System memory in use before: 171.4 MB.
System memory in use after: 171.5 MB.

Unloading 7 unused Assets to reduce memory usage. Loaded Objects now: 2489.
Total: 3.404596 ms (FindLiveObjects: 0.244063 ms CreateObjectMapping: 0.076507 ms MarkObjects: 3.064621 ms  DeleteObjects: 0.018113 ms)

========================================================================
Received Prepare
Registering precompiled user dll's ...
Registered in 0.000632 seconds.
Begin MonoManager ReloadAssembly
Native extension for OSXStandalone target not found
Native extension for WebGL target not found
Refreshing native plugins compatible for Editor in 0.37 ms, found 2 plugins.
Preloading 0 native plugins for Editor in 0.00 ms.
Mono: successfully reloaded assembly
- Completed reload, in  1.140 seconds
Platform modules already initialized, skipping
Refreshing native plugins compatible for Editor in 0.38 ms, found 2 plugins.
Preloading 0 native plugins for Editor in 0.00 ms.
Unloading 1804 Unused Serialized files (Serialized files now loaded: 0)
System memory in use before: 171.6 MB.
System memory in use after: 171.7 MB.

Unloading 7 unused Assets to reduce memory usage. Loaded Objects now: 2493.
Total: 2.947781 ms (FindLiveObjects: 0.360785 ms CreateObjectMapping: 0.102478 ms MarkObjects: 2.462602 ms  DeleteObjects: 0.020159 ms)

========================================================================
Received Import Request.
  Time since last request: 311.949338 seconds.
  path: Assets/Prefabs/Asteroid.prefab
  artifactKey: Guid(cb10aaaaa1f4a4e08974db145e304a68) Importer(815301076,1909f56bfc062723c751e8b465ee728b)
Start importing Assets/Prefabs/Asteroid.prefab using Guid(cb10aaaaa1f4a4e08974db145e304a68) Importer(815301076,1909f56bfc062723c751e8b465ee728b)  -> (artifact id: '4b11c68c7d1c8e6b6dd72f080c91f8bb') in 0.083773 seconds
  Import took 0.089425 seconds .

========================================================================
Received Prepare
Registering precompiled user dll's ...
Registered in 0.001234 seconds.
Begin MonoManager ReloadAssembly
Native extension for OSXStandalone target not found
Native extension for WebGL target not found
Refreshing native plugins compatible for Editor in 0.42 ms, found 2 plugins.
Preloading 0 native plugins for Editor in 0.00 ms.
Mono: successfully reloaded assembly
- Completed reload, in  1.176 seconds
Platform modules already initialized, skipping
Refreshing native plugins compatible for Editor in 0.46 ms, found 2 plugins.
Preloading 0 native plugins for Editor in 0.00 ms.
Unloading 1804 Unused Serialized files (Serialized files now loaded: 0)
System memory in use before: 171.8 MB.
System memory in use after: 171.9 MB.

Unloading 7 unused Assets to reduce memory usage. Loaded Objects now: 2498.
Total: 2.266165 ms (FindLiveObjects: 0.235598 ms CreateObjectMapping: 0.071086 ms MarkObjects: 1.939228 ms  DeleteObjects: 0.019240 ms)

========================================================================
Received Prepare
Registering precompiled user dll's ...
Registered in 0.000651 seconds.
Begin MonoManager ReloadAssembly
Native extension for OSXStandalone target not found
Native extension for WebGL target not found
Refreshing native plugins compatible for Editor in 0.36 ms, found 2 plugins.
Preloading 0 native plugins for Editor in 0.00 ms.
Mono: successfully reloaded assembly
- Completed reload, in  1.231 seconds
Platform modules already initialized, skipping
Refreshing native plugins compatible for Editor in 0.31 ms, found 2 plugins.
Preloading 0 native plugins for Editor in 0.00 ms.
Unloading 1804 Unused Serialized files (Serialized files now loaded: 0)
System memory in use before: 172.0 MB.
System memory in use after: 172.1 MB.

Unloading 7 unused Assets to reduce memory usage. Loaded Objects now: 2502.
Total: 2.094763 ms (FindLiveObjects: 0.237583 ms CreateObjectMapping: 0.072340 ms MarkObjects: 1.766803 ms  DeleteObjects: 0.016995 ms)

========================================================================
Received Prepare
Registering precompiled user dll's ...
Registered in 0.001624 seconds.
Begin MonoManager ReloadAssembly
Native extension for OSXStandalone target not found
Native extension for WebGL target not found
Refreshing native plugins compatible for Editor in 0.36 ms, found 2 plugins.
Preloading 0 native plugins for Editor in 0.00 ms.
Mono: successfully reloaded assembly
- Completed reload, in  1.330 seconds
Platform modules already initialized, skipping
Refreshing native plugins compatible for Editor in 0.39 ms, found 2 plugins.
Preloading 0 native plugins for Editor in 0.00 ms.
Unloading 1804 Unused Serialized files (Serialized files now loaded: 0)
System memory in use before: 172.2 MB.
System memory in use after: 172.3 MB.

Unloading 7 unused Assets to reduce memory usage. Loaded Objects now: 2506.
Total: 2.167369 ms (FindLiveObjects: 0.304415 ms CreateObjectMapping: 0.072979 ms MarkObjects: 1.772105 ms  DeleteObjects: 0.016955 ms)

========================================================================
Received Prepare
Registering precompiled user dll's ...
Registered in 0.001237 seconds.
Begin MonoManager ReloadAssembly
Native extension for OSXStandalone target not found
Native extension for WebGL target not found
Refreshing native plugins compatible for Editor in 1.08 ms, found 2 plugins.
Preloading 0 native plugins for Editor in 0.00 ms.
Mono: successfully reloaded assembly
- Completed reload, in  1.236 seconds
Platform modules already initialized, skipping
Refreshing native plugins compatible for Editor in 0.46 ms, found 2 plugins.
Preloading 0 native plugins for Editor in 0.00 ms.
Unloading 1804 Unused Serialized files (Serialized files now loaded: 0)
System memory in use before: 172.4 MB.
System memory in use after: 172.5 MB.

Unloading 7 unused Assets to reduce memory usage. Loaded Objects now: 2510.
Total: 2.295606 ms (FindLiveObjects: 0.280911 ms CreateObjectMapping: 0.117824 ms MarkObjects: 1.876492 ms  DeleteObjects: 0.019127 ms)

========================================================================
Received Prepare
Registering precompiled user dll's ...
Registered in 0.000641 seconds.
Begin MonoManager ReloadAssembly
Native extension for OSXStandalone target not found
Native extension for WebGL target not found
Refreshing native plugins compatible for Editor in 0.35 ms, found 2 plugins.
Preloading 0 native plugins for Editor in 0.00 ms.
Mono: successfully reloaded assembly
- Completed reload, in  1.182 seconds
Platform modules already initialized, skipping
Refreshing native plugins compatible for Editor in 0.33 ms, found 2 plugins.
Preloading 0 native plugins for Editor in 0.00 ms.
Unloading 1804 Unused Serialized files (Serialized files now loaded: 0)
System memory in use before: 172.6 MB.
System memory in use after: 172.7 MB.

Unloading 7 unused Assets to reduce memory usage. Loaded Objects now: 2514.
Total: 2.094236 ms (FindLiveObjects: 0.249912 ms CreateObjectMapping: 0.069368 ms MarkObjects: 1.751582 ms  DeleteObjects: 0.022394 ms)

========================================================================
Received Prepare
Registering precompiled user dll's ...
Registered in 0.001001 seconds.
Begin MonoManager ReloadAssembly
Native extension for OSXStandalone target not found
Native extension for WebGL target not found
Refreshing native plugins compatible for Editor in 0.37 ms, found 2 plugins.
Preloading 0 native plugins for Editor in 0.00 ms.
Mono: successfully reloaded assembly
- Completed reload, in  1.174 seconds
Platform modules already initialized, skipping
Refreshing native plugins compatible for Editor in 0.32 ms, found 2 plugins.
Preloading 0 native plugins for Editor in 0.00 ms.
Unloading 1804 Unused Serialized files (Serialized files now loaded: 0)
System memory in use before: 172.8 MB.
System memory in use after: 172.9 MB.

Unloading 7 unused Assets to reduce memory usage. Loaded Objects now: 2518.
Total: 3.327447 ms (FindLiveObjects: 0.362423 ms CreateObjectMapping: 0.118454 ms MarkObjects: 2.822849 ms  DeleteObjects: 0.022191 ms)

========================================================================
Received Prepare
Registering precompiled user dll's ...
Registered in 0.000656 seconds.
Begin MonoManager ReloadAssembly
Native extension for OSXStandalone target not found
Native extension for WebGL target not found
Refreshing native plugins compatible for Editor in 0.38 ms, found 2 plugins.
Preloading 0 native plugins for Editor in 0.00 ms.
Mono: successfully reloaded assembly
- Completed reload, in  1.186 seconds
Platform modules already initialized, skipping
Refreshing native plugins compatible for Editor in 0.33 ms, found 2 plugins.
Preloading 0 native plugins for Editor in 0.00 ms.
Unloading 1804 Unused Serialized files (Serialized files now loaded: 0)
System memory in use before: 173.0 MB.
System memory in use after: 173.1 MB.

Unloading 7 unused Assets to reduce memory usage. Loaded Objects now: 2522.
Total: 2.563344 ms (FindLiveObjects: 0.351302 ms CreateObjectMapping: 0.119825 ms MarkObjects: 2.073256 ms  DeleteObjects: 0.017787 ms)

========================================================================
Received Prepare
Registering precompiled user dll's ...
Registered in 0.000637 seconds.
Begin MonoManager ReloadAssembly
Native extension for OSXStandalone target not found
Native extension for WebGL target not found
Refreshing native plugins compatible for Editor in 0.37 ms, found 2 plugins.
Preloading 0 native plugins for Editor in 0.00 ms.
Mono: successfully reloaded assembly
- Completed reload, in  1.078 seconds
Platform modules already initialized, skipping
Refreshing native plugins compatible for Editor in 0.36 ms, found 2 plugins.
Preloading 0 native plugins for Editor in 0.00 ms.
Unloading 1804 Unused Serialized files (Serialized files now loaded: 0)
System memory in use before: 173.2 MB.
System memory in use after: 173.3 MB.

Unloading 7 unused Assets to reduce memory usage. Loaded Objects now: 2526.
Total: 2.637020 ms (FindLiveObjects: 0.443920 ms CreateObjectMapping: 0.133490 ms MarkObjects: 2.036164 ms  DeleteObjects: 0.021189 ms)

